2018-04-09 01:29:46 +0000  Initial pipeline context: <IDEDistributionProcessingPipelineContext: 0x7fe12167d650; archive(resolved)='<IDEArchive: 0x7fe12349dd90>', distributionTask(resolved)='2', distributionMethod(resolved)='<IDEDistributionMethodMacAppStoreExport: 0x7fe12130f640>', team(resolved)='<IDEProvisioningBasicTeam: 0x7fe1250d6610; teamID='VG88K3PDF4', teamName='Chris Bigart'>'>
	Chain (11, self inclusive):
	<IDEDistributionProcessingPipelineContext: 0x7fe12167d650; archive = '<IDEArchive: 0x7fe12349dd90>', distributionMethod='<IDEDistributionMethodMacAppStoreExport: 0x7fe12130f640>', team='<IDEProvisioningBasicTeam: 0x7fe1250d6610; teamID='VG88K3PDF4', teamName='Chris Bigart'>'>
	<IDEDistributionProcessingPipelineContext: 0x7fe123d9d960; archive = '<IDEArchive: 0x7fe12349dd90>', distributionMethod='<IDEDistributionMethodMacAppStoreExport: 0x7fe12130f640>', team='<IDEProvisioningBasicTeam: 0x7fe1250d6610; teamID='VG88K3PDF4', teamName='Chris Bigart'>'>
	<IDEDistributionContext: 0x7fe120d72af0; archive = '<IDEArchive: 0x7fe12349dd90>', distributionMethod='<IDEDistributionMethodMacAppStoreExport: 0x7fe12130f640>', team='<IDEProvisioningBasicTeam: 0x7fe1250d6610; teamID='VG88K3PDF4', teamName='Chris Bigart'>'>
	<IDEDistributionContext: 0x7fe120fc7920; archive = '<IDEArchive: 0x7fe12349dd90>', distributionMethod='<IDEDistributionMethodMacAppStoreExport: 0x7fe12130f640>', team='<IDEProvisioningBasicTeam: 0x7fe1250d6610; teamID='VG88K3PDF4', teamName='Chris Bigart'>'>
	<IDEDistributionContext: 0x7fe1214c3e40; archive = '<IDEArchive: 0x7fe12349dd90>', distributionMethod='<IDEDistributionMethodMacAppStoreExport: 0x7fe12130f640>', team='<IDEProvisioningBasicTeam: 0x7fe1250d6610; teamID='VG88K3PDF4', teamName='Chris Bigart'>'>
	<IDEDistributionContext: 0x7fe11d7aab30; archive = '<IDEArchive: 0x7fe12349dd90>', distributionMethod='<IDEDistributionMethodMacAppStoreExport: 0x7fe12130f640>', team='<IDEProvisioningBasicTeam: 0x7fe1250d6610; teamID='VG88K3PDF4', teamName='Chris Bigart'>'>
	<IDEDistributionContext: 0x7fe1262a7000; archive = '<IDEArchive: 0x7fe12349dd90>', distributionMethod='<IDEDistributionMethodMacAppStoreExport: 0x7fe12130f640>', team='<IDEProvisioningBasicTeam: 0x7fe1250d6610; teamID='VG88K3PDF4', teamName='Chris Bigart'>'>
	<IDEDistributionContext: 0x7fe12623b670; archive = '<IDEArchive: 0x7fe12349dd90>', distributionMethod='<IDEDistributionMethodMacAppStoreExport: 0x7fe12130f640>', team='<IDEProvisioningBasicTeam: 0x7fe1250d6610; teamID='VG88K3PDF4', teamName='Chris Bigart'>'>
	<IDEDistributionContext: 0x7fe120f78430; archive = '<IDEArchive: 0x7fe12349dd90>', distributionMethod='<IDEDistributionMethodMacAppStoreExport: 0x7fe12130f640>', team='<IDEProvisioningBasicTeam: 0x7fe1250d6610; teamID='VG88K3PDF4', teamName='Chris Bigart'>'>
	<IDEDistributionContext: 0x7fe126274740; archive = '<IDEArchive: 0x7fe12349dd90>', distributionMethod='<IDEDistributionMethodMacAppStoreExport: 0x7fe12130f640>', team='(null)'>
	<IDEDistributionContext: 0x7fe1250d2330; archive = '<IDEArchive: 0x7fe12349dd90>', distributionMethod='(null)', team='(null)'>
</IDEDistributionProcessingPipelineContext: 0x7fe12167d650>
2018-04-09 01:29:46 +0000  Processing step: IDEDistributionCreateDestRootStep
2018-04-09 01:29:46 +0000  Processing step: IDEDistributionCopyItemStep
2018-04-09 01:29:46 +0000  Running /usr/bin/ditto '-V' '/Users/chrisbigart/Library/Developer/Xcode/Archives/2018-04-08/CpuBar 4-8-18, 9.28 PM.xcarchive/Products/Applications/CpuBar.app' '/var/folders/8r/26jwyhz93fdd3zrb1pncsf000000gn/T/XcodeDistPipeline.4WF/Root/Applications/CpuBar.app'
2018-04-09 01:29:46 +0000  >>> Copying /Users/chrisbigart/Library/Developer/Xcode/Archives/2018-04-08/CpuBar 4-8-18, 9.28 PM.xcarchive/Products/Applications/CpuBar.app 
2018-04-09 01:29:46 +0000  copying file ./Contents/_CodeSignature/CodeResources ... 
2018-04-09 01:29:46 +0000  11032 bytes for ./Contents/_CodeSignature/CodeResources
2018-04-09 01:29:46 +0000  copying file ./Contents/MacOS/CpuBar ... 
2018-04-09 01:29:46 +0000  152288 bytes for ./Contents/MacOS/CpuBar
2018-04-09 01:29:46 +0000  copying file ./Contents/Resources/macos_toggle_button_off.png ... 
2018-04-09 01:29:46 +0000  15571 bytes for ./Contents/Resources/macos_toggle_button_off.png
2018-04-09 01:29:46 +0000  copying file ./Contents/Resources/ThemeToggle.scpt ... 
2018-04-09 01:29:46 +0000  934 bytes for ./Contents/Resources/ThemeToggle.scpt
2018-04-09 01:29:46 +0000  copying file ./Contents/Resources/icon.icns ... 
2018-04-09 01:29:46 +0000  445702 bytes for ./Contents/Resources/icon.icns
2018-04-09 01:29:46 +0000  copying file ./Contents/Resources/macos_toggle_button_on.png ... 
2018-04-09 01:29:46 +0000  15595 bytes for ./Contents/Resources/macos_toggle_button_on.png
2018-04-09 01:29:46 +0000  copying file ./Contents/Resources/memory_outline.png ... 
2018-04-09 01:29:46 +0000  9102 bytes for ./Contents/Resources/memory_outline.png
2018-04-09 01:29:46 +0000  copying file ./Contents/Resources/Base.lproj/MainMenu.nib ... 
2018-04-09 01:29:46 +0000  17278 bytes for ./Contents/Resources/Base.lproj/MainMenu.nib
2018-04-09 01:29:46 +0000  copying file ./Contents/Resources/PreferencesWindow.nib ... 
2018-04-09 01:29:46 +0000  17931 bytes for ./Contents/Resources/PreferencesWindow.nib
copying file ./Contents/Resources/Assets.car ... 
2018-04-09 01:29:46 +0000  36616 bytes for ./Contents/Resources/Assets.car
copying file ./Contents/Resources/cpu_outline.png ... 
2018-04-09 01:29:46 +0000  1951 bytes for ./Contents/Resources/cpu_outline.png
2018-04-09 01:29:46 +0000  copying file ./Contents/Frameworks/libswiftAppKit.dylib ... 
2018-04-09 01:29:46 +0000  166832 bytes for ./Contents/Frameworks/libswiftAppKit.dylib
2018-04-09 01:29:46 +0000  copying file ./Contents/Frameworks/libswiftCoreImage.dylib ... 
2018-04-09 01:29:46 +0000  40336 bytes for ./Contents/Frameworks/libswiftCoreImage.dylib
2018-04-09 01:29:46 +0000  copying file ./Contents/Frameworks/libswiftObjectiveC.dylib ... 
2018-04-09 01:29:46 +0000  60912 bytes for ./Contents/Frameworks/libswiftObjectiveC.dylib
copying file ./Contents/Frameworks/libswiftXPC.dylib ... 
2018-04-09 01:29:46 +0000  35952 bytes for ./Contents/Frameworks/libswiftXPC.dylib
2018-04-09 01:29:46 +0000  copying file ./Contents/Frameworks/libswiftCore.dylib ... 
2018-04-09 01:29:46 +0000  6151760 bytes for ./Contents/Frameworks/libswiftCore.dylib
2018-04-09 01:29:46 +0000  2018-04-09 01:29:46 +0000  /usr/bin/ditto exited with 0

2018-04-09 01:29:46 +0000  copying file ./Contents/Frameworks/libswiftCoreGraphics.dylib ... 
188160 bytes for ./Contents/Frameworks/libswiftCoreGraphics.dylib
copying file ./Contents/Frameworks/libswiftMetal.dylib ... 
68768 bytes for ./Contents/Frameworks/libswiftMetal.dylib
copying file ./Contents/Frameworks/libswiftCoreData.dylib ... 
95792 bytes for ./Contents/Frameworks/libswiftCoreData.dylib
copying file ./Contents/Frameworks/libswiftDispatch.dylib ... 
302288 bytes for ./Contents/Frameworks/libswiftDispatch.dylib
copying file ./Contents/Frameworks/libswiftos.dylib ... 
49440 bytes for ./Contents/Frameworks/libswiftos.dylib
copying file ./Contents/Frameworks/libswiftCoreFoundation.dylib ... 
31872 bytes for ./Contents/Frameworks/libswiftCoreFoundation.dylib
copying file ./Contents/Frameworks/libswiftDarwin.dylib ... 
89472 bytes for ./Contents/Frameworks/libswiftDarwin.dylib
copying file ./Contents/Frameworks/libswiftQuartzCore.dylib ... 
52368 bytes for ./Contents/Frameworks/libswiftQuartzCore.dylib
copying file ./Contents/Frameworks/libswiftIOKit.dylib ... 
36048 bytes for ./Contents/Frameworks/libswiftIOKit.dylib
copying file ./Contents/Frameworks/libswiftFoundation.dylib ... 
2844160 bytes for ./Contents/Frameworks/libswiftFoundation.dylib
copying file ./Contents/Info.plist ... 
1884 bytes for ./Contents/Info.plist
copying file ./Contents/PkgInfo ... 
8 bytes for ./Contents/PkgInfo
2018-04-09 01:29:46 +0000  2018-04-09 01:29:46 +0000  Processing step: IDEDistributionEmbedProfileStep

2018-04-09 01:29:46 +0000  Skipping profile for item: <IDEDistributionItem: 0x7fe12135d880 'com.apple.dt.runtime.swiftAppKit' '<DVTFilePath:0x7fe11d7b37e0:'/Users/chrisbigart/Library/Developer/Xcode/Archives/2018-04-08/CpuBar 4-8-18, 9.28 PM.xcarchive/Products/Applications/CpuBar.app/Contents/Frameworks/libswiftAppKit.dylib'>'>
2018-04-09 01:29:46 +0000  Skipping profile for item: <IDEDistributionItem: 0x7fe123b3eac0 'com.apple.dt.runtime.swiftCore' '<DVTFilePath:0x7fe12519f520:'/Users/chrisbigart/Library/Developer/Xcode/Archives/2018-04-08/CpuBar 4-8-18, 9.28 PM.xcarchive/Products/Applications/CpuBar.app/Contents/Frameworks/libswiftCore.dylib'>'>
2018-04-09 01:29:46 +0000  Skipping profile for item: <IDEDistributionItem: 0x7fe12509afd0 'com.apple.dt.runtime.swiftCoreData' '<DVTFilePath:0x7fe1239ef780:'/Users/chrisbigart/Library/Developer/Xcode/Archives/2018-04-08/CpuBar 4-8-18, 9.28 PM.xcarchive/Products/Applications/CpuBar.app/Contents/Frameworks/libswiftCoreData.dylib'>'>
2018-04-09 01:29:46 +0000  Skipping profile for item: <IDEDistributionItem: 0x7fe1213aa960 'com.apple.dt.runtime.swiftCoreFoundation' '<DVTFilePath:0x7fe12520f250:'/Users/chrisbigart/Library/Developer/Xcode/Archives/2018-04-08/CpuBar 4-8-18, 9.28 PM.xcarchive/Products/Applications/CpuBar.app/Contents/Frameworks/libswiftCoreFoundation.dylib'>'>
2018-04-09 01:29:46 +0000  Skipping profile for item: <IDEDistributionItem: 0x7fe121399790 'com.apple.dt.runtime.swiftCoreGraphics' '<DVTFilePath:0x7fe1239f5b90:'/Users/chrisbigart/Library/Developer/Xcode/Archives/2018-04-08/CpuBar 4-8-18, 9.28 PM.xcarchive/Products/Applications/CpuBar.app/Contents/Frameworks/libswiftCoreGraphics.dylib'>'>
2018-04-09 01:29:46 +0000  Skipping profile for item: <IDEDistributionItem: 0x7fe123cf1150 'com.apple.dt.runtime.swiftCoreImage' '<DVTFilePath:0x7fe1213a5bb0:'/Users/chrisbigart/Library/Developer/Xcode/Archives/2018-04-08/CpuBar 4-8-18, 9.28 PM.xcarchive/Products/Applications/CpuBar.app/Contents/Frameworks/libswiftCoreImage.dylib'>'>
2018-04-09 01:29:46 +0000  Skipping profile for item: <IDEDistributionItem: 0x7fe1222aacd0 'com.apple.dt.runtime.swiftDarwin' '<DVTFilePath:0x7fe12519f6d0:'/Users/chrisbigart/Library/Developer/Xcode/Archives/2018-04-08/CpuBar 4-8-18, 9.28 PM.xcarchive/Products/Applications/CpuBar.app/Contents/Frameworks/libswiftDarwin.dylib'>'>
2018-04-09 01:29:46 +0000  Skipping profile for item: <IDEDistributionItem: 0x7fe123d9e2e0 'com.apple.dt.runtime.swiftDispatch' '<DVTFilePath:0x7fe125173060:'/Users/chrisbigart/Library/Developer/Xcode/Archives/2018-04-08/CpuBar 4-8-18, 9.28 PM.xcarchive/Products/Applications/CpuBar.app/Contents/Frameworks/libswiftDispatch.dylib'>'>
2018-04-09 01:29:46 +0000  Skipping profile for item: <IDEDistributionItem: 0x7fe1254803f0 'com.apple.dt.runtime.swiftFoundation' '<DVTFilePath:0x7fe123628a90:'/Users/chrisbigart/Library/Developer/Xcode/Archives/2018-04-08/CpuBar 4-8-18, 9.28 PM.xcarchive/Products/Applications/CpuBar.app/Contents/Frameworks/libswiftFoundation.dylib'>'>
2018-04-09 01:29:46 +0000  Skipping profile for item: <IDEDistributionItem: 0x7fe126db1600 'com.apple.dt.runtime.swiftIOKit' '<DVTFilePath:0x7fe1236e6260:'/Users/chrisbigart/Library/Developer/Xcode/Archives/2018-04-08/CpuBar 4-8-18, 9.28 PM.xcarchive/Products/Applications/CpuBar.app/Contents/Frameworks/libswiftIOKit.dylib'>'>
2018-04-09 01:29:46 +0000  Skipping profile for item: <IDEDistributionItem: 0x7fe1250a9f50 'com.apple.dt.runtime.swiftMetal' '<DVTFilePath:0x7fe12519f870:'/Users/chrisbigart/Library/Developer/Xcode/Archives/2018-04-08/CpuBar 4-8-18, 9.28 PM.xcarchive/Products/Applications/CpuBar.app/Contents/Frameworks/libswiftMetal.dylib'>'>
2018-04-09 01:29:46 +0000  Skipping profile for item: <IDEDistributionItem: 0x7fe1225f2350 'com.apple.dt.runtime.swiftObjectiveC' '<DVTFilePath:0x7fe12395b0d0:'/Users/chrisbigart/Library/Developer/Xcode/Archives/2018-04-08/CpuBar 4-8-18, 9.28 PM.xcarchive/Products/Applications/CpuBar.app/Contents/Frameworks/libswiftObjectiveC.dylib'>'>
2018-04-09 01:29:46 +0000  Skipping profile for item: <IDEDistributionItem: 0x7fe1215c7ec0 'com.apple.dt.runtime.swiftQuartzCore' '<DVTFilePath:0x7fe1239684f0:'/Users/chrisbigart/Library/Developer/Xcode/Archives/2018-04-08/CpuBar 4-8-18, 9.28 PM.xcarchive/Products/Applications/CpuBar.app/Contents/Frameworks/libswiftQuartzCore.dylib'>'>
2018-04-09 01:29:46 +0000  Skipping profile for item: <IDEDistributionItem: 0x7fe123deac60 'com.apple.dt.runtime.swiftXPC' '<DVTFilePath:0x7fe123964580:'/Users/chrisbigart/Library/Developer/Xcode/Archives/2018-04-08/CpuBar 4-8-18, 9.28 PM.xcarchive/Products/Applications/CpuBar.app/Contents/Frameworks/libswiftXPC.dylib'>'>
2018-04-09 01:29:46 +0000  Skipping profile for item: <IDEDistributionItem: 0x7fe1213c6cf0 'com.apple.dt.runtime.swiftos' '<DVTFilePath:0x7fe1251821a0:'/Users/chrisbigart/Library/Developer/Xcode/Archives/2018-04-08/CpuBar 4-8-18, 9.28 PM.xcarchive/Products/Applications/CpuBar.app/Contents/Frameworks/libswiftos.dylib'>'>
2018-04-09 01:29:46 +0000  Skipping profile for item: <IDEDistributionItem: 0x7fe12676d5d0 'com.chrisbigart.cpu-bar' '<DVTFilePath:0x7fe12278ad20:'/Users/chrisbigart/Library/Developer/Xcode/Archives/2018-04-08/CpuBar 4-8-18, 9.28 PM.xcarchive/Products/Applications/CpuBar.app'>'>
2018-04-09 01:29:46 +0000  Processing step: IDEDistributionItemRemovalStep
2018-04-09 01:29:46 +0000  Processing step: IDEDistributionAppThinningPlistStep
2018-04-09 01:29:46 +0000  Processing step: IDEDistributionCompileBitcodeStep
2018-04-09 01:29:46 +0000  Skipping step: IDEDistributionCompileBitcodeStep because it said so
2018-04-09 01:29:46 +0000  Processing step: IDEDistributionCodeSlimmingStep
2018-04-09 01:29:46 +0000  Processing step: IDEDistributionCopyBCSymbolMapsStep
2018-04-09 01:29:46 +0000  Processing step: IDEDistributionSymbolsStep
2018-04-09 01:29:46 +0000  Processing symbols for libswiftAppKit.dylib
2018-04-09 01:29:46 +0000  Running /usr/bin/rsync '-8aPhhE' '/var/folders/8r/26jwyhz93fdd3zrb1pncsf000000gn/T/XcodeDistPipeline.4WF/Root/Applications/CpuBar.app/Contents/Frameworks/libswiftAppKit.dylib' '--link-dest' '/var/folders/8r/26jwyhz93fdd3zrb1pncsf000000gn/T/XcodeDistPipeline.4WF/Root/Applications/CpuBar.app/Contents/Frameworks' '/var/folders/8r/26jwyhz93fdd3zrb1pncsf000000gn/T/XcodeDistPipeline.4WF'
2018-04-09 01:29:46 +0000  building file list ... 
2018-04-09 01:29:46 +0000   0 files...2018-04-09 01:29:46 +0000  1 file to consider
2018-04-09 01:29:46 +0000  
sent 98 bytes  received 20 bytes  236.00 bytes/sec
total size is 162.92K  speedup is 1413.83
2018-04-09 01:29:46 +0000  
2018-04-09 01:29:46 +0000  2018-04-09 01:29:46 +0000  /usr/bin/rsync exited with 0
2018-04-09 01:29:46 +0000  

2018-04-09 01:29:46 +0000  Running /usr/bin/rsync '-8aPhhE' '/Users/chrisbigart/Library/Developer/Xcode/Archives/2018-04-08/CpuBar 4-8-18, 9.28 PM.xcarchive/dSYMs/' '--link-dest' '/Users/chrisbigart/Library/Developer/Xcode/Archives/2018-04-08/CpuBar 4-8-18, 9.28 PM.xcarchive/dSYMs/' '/var/folders/8r/26jwyhz93fdd3zrb1pncsf000000gn/T/XcodeDistPipeline.4WF'
2018-04-09 01:29:46 +0000  building file list ... 
2018-04-09 01:29:46 +0000   0 files...2018-04-09 01:29:46 +0000  7 files to consider
2018-04-09 01:29:46 +0000  ./
2018-04-09 01:29:46 +0000  CpuBar.app.dSYM/
CpuBar.app.dSYM/Contents/
CpuBar.app.dSYM/Contents/Resources/
CpuBar.app.dSYM/Contents/Resources/DWARF/
2018-04-09 01:29:46 +0000  
2018-04-09 01:29:46 +0000  
2018-04-09 01:29:46 +0000  sent 242 bytes  received 50 bytes  584.00 bytes/sec
total size is 2.63M  speedup is 9435.16
2018-04-09 01:29:46 +0000  /usr/bin/rsync exited with 0
2018-04-09 01:29:46 +0000  
2018-04-09 01:29:46 +0000  Running /Applications/Xcode.app/Contents/Developer/usr/bin/symbols '-noTextInSOD' '-noDaemon' '-arch' 'all' '-symbolsPackageDir' '/var/folders/8r/26jwyhz93fdd3zrb1pncsf000000gn/T/XcodeDistPipeline.4WF/Symbols' '/var/folders/8r/26jwyhz93fdd3zrb1pncsf000000gn/T/XcodeDistPipeline.4WF/libswiftAppKit.dylib'
2018-04-09 01:29:46 +0000  /var/folders/8r/26jwyhz93fdd3zrb1pncsf000000gn/T/XcodeDistPipeline.4WF/libswiftAppKit.dylib [x86_64, 0.004859 seconds]:
2018-04-09 01:29:46 +0000  
2018-04-09 01:29:46 +0000  2018-04-09 01:29:46 +0000  /Applications/Xcode.app/Contents/Developer/usr/bin/symbols exited with 0

2018-04-09 01:29:46 +0000  2018-04-09 01:29:46 +0000  

2018-04-09 01:29:46 +0000  Processing symbols for libswiftCore.dylib
2018-04-09 01:29:46 +0000  Running /usr/bin/rsync '-8aPhhE' '/var/folders/8r/26jwyhz93fdd3zrb1pncsf000000gn/T/XcodeDistPipeline.4WF/Root/Applications/CpuBar.app/Contents/Frameworks/libswiftCore.dylib' '--link-dest' '/var/folders/8r/26jwyhz93fdd3zrb1pncsf000000gn/T/XcodeDistPipeline.4WF/Root/Applications/CpuBar.app/Contents/Frameworks' '/var/folders/8r/26jwyhz93fdd3zrb1pncsf000000gn/T/XcodeDistPipeline.4WF'
2018-04-09 01:29:46 +0000  building file list ... 
2018-04-09 01:29:46 +0000   0 files...2018-04-09 01:29:46 +0000  1 file to consider
2018-04-09 01:29:46 +0000  
2018-04-09 01:29:46 +0000  
2018-04-09 01:29:46 +0000  sent 96 bytes  received 20 bytes  232.00 bytes/sec
total size is 5.87M  speedup is 53032.41
2018-04-09 01:29:46 +0000  /usr/bin/rsync exited with 02018-04-09 01:29:46 +0000  

2018-04-09 01:29:46 +0000  
2018-04-09 01:29:46 +0000  Running /usr/bin/rsync '-8aPhhE' '/Users/chrisbigart/Library/Developer/Xcode/Archives/2018-04-08/CpuBar 4-8-18, 9.28 PM.xcarchive/dSYMs/' '--link-dest' '/Users/chrisbigart/Library/Developer/Xcode/Archives/2018-04-08/CpuBar 4-8-18, 9.28 PM.xcarchive/dSYMs/' '/var/folders/8r/26jwyhz93fdd3zrb1pncsf000000gn/T/XcodeDistPipeline.4WF'
2018-04-09 01:29:46 +0000  building file list ... 
2018-04-09 01:29:46 +0000   0 files...2018-04-09 01:29:46 +0000  7 files to consider
2018-04-09 01:29:46 +0000  ./
2018-04-09 01:29:46 +0000  CpuBar.app.dSYM/
CpuBar.app.dSYM/Contents/
CpuBar.app.dSYM/Contents/Resources/
CpuBar.app.dSYM/Contents/Resources/DWARF/
2018-04-09 01:29:46 +0000  
2018-04-09 01:29:46 +0000  sent 254 bytes  received 62 bytes  632.00 bytes/sec
total size is 2.63M  speedup is 8718.57
2018-04-09 01:29:46 +0000  2018-04-09 01:29:46 +0000  2018-04-09 01:29:46 +0000  /usr/bin/rsync exited with 0


2018-04-09 01:29:46 +0000  
2018-04-09 01:29:46 +0000  Running /Applications/Xcode.app/Contents/Developer/usr/bin/symbols '-noTextInSOD' '-noDaemon' '-arch' 'all' '-symbolsPackageDir' '/var/folders/8r/26jwyhz93fdd3zrb1pncsf000000gn/T/XcodeDistPipeline.4WF/Symbols' '/var/folders/8r/26jwyhz93fdd3zrb1pncsf000000gn/T/XcodeDistPipeline.4WF/libswiftCore.dylib'
2018-04-09 01:29:46 +0000  /var/folders/8r/26jwyhz93fdd3zrb1pncsf000000gn/T/XcodeDistPipeline.4WF/libswiftCore.dylib [x86_64, 0.137118 seconds]:
2018-04-09 01:29:46 +0000  2018-04-09 01:29:46 +0000  

2018-04-09 01:29:46 +0000  /Applications/Xcode.app/Contents/Developer/usr/bin/symbols exited with 02018-04-09 01:29:46 +0000  

2018-04-09 01:29:46 +0000  
2018-04-09 01:29:46 +0000  Processing symbols for libswiftCoreData.dylib
2018-04-09 01:29:46 +0000  Running /usr/bin/rsync '-8aPhhE' '/var/folders/8r/26jwyhz93fdd3zrb1pncsf000000gn/T/XcodeDistPipeline.4WF/Root/Applications/CpuBar.app/Contents/Frameworks/libswiftCoreData.dylib' '--link-dest' '/var/folders/8r/26jwyhz93fdd3zrb1pncsf000000gn/T/XcodeDistPipeline.4WF/Root/Applications/CpuBar.app/Contents/Frameworks' '/var/folders/8r/26jwyhz93fdd3zrb1pncsf000000gn/T/XcodeDistPipeline.4WF'
2018-04-09 01:29:46 +0000  building file list ... 
2018-04-09 01:29:46 +0000   0 files...2018-04-09 01:29:46 +0000  1 file to consider
2018-04-09 01:29:46 +0000  
2018-04-09 01:29:46 +0000  
2018-04-09 01:29:46 +0000  sent 100 bytes  received 20 bytes  240.00 bytes/sec
total size is 93.55K  speedup is 798.27
2018-04-09 01:29:46 +0000  /usr/bin/rsync exited with 02018-04-09 01:29:46 +0000  

2018-04-09 01:29:46 +0000  
2018-04-09 01:29:46 +0000  Running /usr/bin/rsync '-8aPhhE' '/Users/chrisbigart/Library/Developer/Xcode/Archives/2018-04-08/CpuBar 4-8-18, 9.28 PM.xcarchive/dSYMs/' '--link-dest' '/Users/chrisbigart/Library/Developer/Xcode/Archives/2018-04-08/CpuBar 4-8-18, 9.28 PM.xcarchive/dSYMs/' '/var/folders/8r/26jwyhz93fdd3zrb1pncsf000000gn/T/XcodeDistPipeline.4WF'
2018-04-09 01:29:46 +0000  building file list ... 
2018-04-09 01:29:46 +0000   0 files...2018-04-09 01:29:46 +0000  7 files to consider
2018-04-09 01:29:46 +0000  ./
2018-04-09 01:29:46 +0000  CpuBar.app.dSYM/
CpuBar.app.dSYM/Contents/
CpuBar.app.dSYM/Contents/Resources/
CpuBar.app.dSYM/Contents/Resources/DWARF/
2018-04-09 01:29:46 +0000  
2018-04-09 01:29:46 +0000  sent 254 bytes  received 62 bytes  632.00 bytes/sec
total size is 2.63M  speedup is 8718.57
2018-04-09 01:29:46 +0000  
2018-04-09 01:29:46 +0000  2018-04-09 01:29:46 +0000  /usr/bin/rsync exited with 0

2018-04-09 01:29:46 +0000  2018-04-09 01:29:46 +0000  

2018-04-09 01:29:46 +0000  Running /Applications/Xcode.app/Contents/Developer/usr/bin/symbols '-noTextInSOD' '-noDaemon' '-arch' 'all' '-symbolsPackageDir' '/var/folders/8r/26jwyhz93fdd3zrb1pncsf000000gn/T/XcodeDistPipeline.4WF/Symbols' '/var/folders/8r/26jwyhz93fdd3zrb1pncsf000000gn/T/XcodeDistPipeline.4WF/libswiftCoreData.dylib'
2018-04-09 01:29:46 +0000  /var/folders/8r/26jwyhz93fdd3zrb1pncsf000000gn/T/XcodeDistPipeline.4WF/libswiftCoreData.dylib [x86_64, 0.001981 seconds]:
2018-04-09 01:29:46 +0000  
2018-04-09 01:29:46 +0000  
2018-04-09 01:29:46 +0000  /Applications/Xcode.app/Contents/Developer/usr/bin/symbols exited with 02018-04-09 01:29:46 +0000  

2018-04-09 01:29:46 +0000  
2018-04-09 01:29:46 +0000  Processing symbols for libswiftCoreFoundation.dylib
2018-04-09 01:29:46 +0000  Running /usr/bin/rsync '-8aPhhE' '/var/folders/8r/26jwyhz93fdd3zrb1pncsf000000gn/T/XcodeDistPipeline.4WF/Root/Applications/CpuBar.app/Contents/Frameworks/libswiftCoreFoundation.dylib' '--link-dest' '/var/folders/8r/26jwyhz93fdd3zrb1pncsf000000gn/T/XcodeDistPipeline.4WF/Root/Applications/CpuBar.app/Contents/Frameworks' '/var/folders/8r/26jwyhz93fdd3zrb1pncsf000000gn/T/XcodeDistPipeline.4WF'
2018-04-09 01:29:46 +0000  building file list ... 
2018-04-09 01:29:46 +0000   0 files...2018-04-09 01:29:46 +0000  1 file to consider
2018-04-09 01:29:46 +0000  
sent 106 bytes  received 20 bytes  252.00 bytes/sec
total size is 31.12K  speedup is 252.95
2018-04-09 01:29:46 +0000  2018-04-09 01:29:46 +0000  

2018-04-09 01:29:46 +0000  /usr/bin/rsync exited with 02018-04-09 01:29:46 +0000  

2018-04-09 01:29:46 +0000  
2018-04-09 01:29:46 +0000  Running /usr/bin/rsync '-8aPhhE' '/Users/chrisbigart/Library/Developer/Xcode/Archives/2018-04-08/CpuBar 4-8-18, 9.28 PM.xcarchive/dSYMs/' '--link-dest' '/Users/chrisbigart/Library/Developer/Xcode/Archives/2018-04-08/CpuBar 4-8-18, 9.28 PM.xcarchive/dSYMs/' '/var/folders/8r/26jwyhz93fdd3zrb1pncsf000000gn/T/XcodeDistPipeline.4WF'
2018-04-09 01:29:47 +0000  building file list ... 
2018-04-09 01:29:47 +0000   0 files...2018-04-09 01:29:47 +0000  7 files to consider
2018-04-09 01:29:47 +0000  ./
2018-04-09 01:29:47 +0000  CpuBar.app.dSYM/
CpuBar.app.dSYM/Contents/
CpuBar.app.dSYM/Contents/Resources/
CpuBar.app.dSYM/Contents/Resources/DWARF/
2018-04-09 01:29:47 +0000  
2018-04-09 01:29:47 +0000  2018-04-09 01:29:47 +0000  sent 254 bytes  received 62 bytes  632.00 bytes/sec
total size is 2.63M  speedup is 8718.57

2018-04-09 01:29:47 +0000  /usr/bin/rsync exited with 0
2018-04-09 01:29:47 +0000  2018-04-09 01:29:47 +0000  

2018-04-09 01:29:47 +0000  Running /Applications/Xcode.app/Contents/Developer/usr/bin/symbols '-noTextInSOD' '-noDaemon' '-arch' 'all' '-symbolsPackageDir' '/var/folders/8r/26jwyhz93fdd3zrb1pncsf000000gn/T/XcodeDistPipeline.4WF/Symbols' '/var/folders/8r/26jwyhz93fdd3zrb1pncsf000000gn/T/XcodeDistPipeline.4WF/libswiftCoreFoundation.dylib'
2018-04-09 01:29:47 +0000  /var/folders/8r/26jwyhz93fdd3zrb1pncsf000000gn/T/XcodeDistPipeline.4WF/libswiftCoreFoundation.dylib [x86_64, 0.001785 seconds]:
2018-04-09 01:29:47 +0000  
2018-04-09 01:29:47 +0000  2018-04-09 01:29:47 +0000  /Applications/Xcode.app/Contents/Developer/usr/bin/symbols exited with 0
2018-04-09 01:29:47 +0000  

2018-04-09 01:29:47 +0000  
2018-04-09 01:29:47 +0000  Processing symbols for libswiftCoreGraphics.dylib
2018-04-09 01:29:47 +0000  Running /usr/bin/rsync '-8aPhhE' '/var/folders/8r/26jwyhz93fdd3zrb1pncsf000000gn/T/XcodeDistPipeline.4WF/Root/Applications/CpuBar.app/Contents/Frameworks/libswiftCoreGraphics.dylib' '--link-dest' '/var/folders/8r/26jwyhz93fdd3zrb1pncsf000000gn/T/XcodeDistPipeline.4WF/Root/Applications/CpuBar.app/Contents/Frameworks' '/var/folders/8r/26jwyhz93fdd3zrb1pncsf000000gn/T/XcodeDistPipeline.4WF'
2018-04-09 01:29:47 +0000  building file list ... 
2018-04-09 01:29:47 +0000   0 files...2018-04-09 01:29:47 +0000  1 file to consider
2018-04-09 01:29:47 +0000  
2018-04-09 01:29:47 +0000  sent 104 bytes  received 20 bytes  248.00 bytes/sec
total size is 183.75K  speedup is 1517.42
2018-04-09 01:29:47 +0000  
2018-04-09 01:29:47 +0000  2018-04-09 01:29:47 +0000  /usr/bin/rsync exited with 0

2018-04-09 01:29:47 +0000  
2018-04-09 01:29:47 +0000  Running /usr/bin/rsync '-8aPhhE' '/Users/chrisbigart/Library/Developer/Xcode/Archives/2018-04-08/CpuBar 4-8-18, 9.28 PM.xcarchive/dSYMs/' '--link-dest' '/Users/chrisbigart/Library/Developer/Xcode/Archives/2018-04-08/CpuBar 4-8-18, 9.28 PM.xcarchive/dSYMs/' '/var/folders/8r/26jwyhz93fdd3zrb1pncsf000000gn/T/XcodeDistPipeline.4WF'
2018-04-09 01:29:47 +0000  building file list ... 
2018-04-09 01:29:47 +0000   0 files...2018-04-09 01:29:47 +0000  7 files to consider
2018-04-09 01:29:47 +0000  ./
2018-04-09 01:29:47 +0000  CpuBar.app.dSYM/
CpuBar.app.dSYM/Contents/
CpuBar.app.dSYM/Contents/Resources/
CpuBar.app.dSYM/Contents/Resources/DWARF/
2018-04-09 01:29:47 +0000  
2018-04-09 01:29:47 +0000  sent 254 bytes  received 62 bytes  632.00 bytes/sec
total size is 2.63M  speedup is 8718.57
2018-04-09 01:29:47 +0000  
2018-04-09 01:29:47 +0000  2018-04-09 01:29:47 +0000  /usr/bin/rsync exited with 0

2018-04-09 01:29:47 +0000  2018-04-09 01:29:47 +0000  

2018-04-09 01:29:47 +0000  Running /Applications/Xcode.app/Contents/Developer/usr/bin/symbols '-noTextInSOD' '-noDaemon' '-arch' 'all' '-symbolsPackageDir' '/var/folders/8r/26jwyhz93fdd3zrb1pncsf000000gn/T/XcodeDistPipeline.4WF/Symbols' '/var/folders/8r/26jwyhz93fdd3zrb1pncsf000000gn/T/XcodeDistPipeline.4WF/libswiftCoreGraphics.dylib'
2018-04-09 01:29:47 +0000  /var/folders/8r/26jwyhz93fdd3zrb1pncsf000000gn/T/XcodeDistPipeline.4WF/libswiftCoreGraphics.dylib [x86_64, 0.006268 seconds]:
2018-04-09 01:29:47 +0000  
2018-04-09 01:29:47 +0000  
2018-04-09 01:29:47 +0000  2018-04-09 01:29:47 +0000  /Applications/Xcode.app/Contents/Developer/usr/bin/symbols exited with 0
2018-04-09 01:29:47 +0000  

2018-04-09 01:29:47 +0000  Processing symbols for libswiftCoreImage.dylib
2018-04-09 01:29:47 +0000  Running /usr/bin/rsync '-8aPhhE' '/var/folders/8r/26jwyhz93fdd3zrb1pncsf000000gn/T/XcodeDistPipeline.4WF/Root/Applications/CpuBar.app/Contents/Frameworks/libswiftCoreImage.dylib' '--link-dest' '/var/folders/8r/26jwyhz93fdd3zrb1pncsf000000gn/T/XcodeDistPipeline.4WF/Root/Applications/CpuBar.app/Contents/Frameworks' '/var/folders/8r/26jwyhz93fdd3zrb1pncsf000000gn/T/XcodeDistPipeline.4WF'
2018-04-09 01:29:47 +0000  building file list ... 
2018-04-09 01:29:47 +0000   0 files...2018-04-09 01:29:47 +0000  1 file to consider
2018-04-09 01:29:47 +0000  
2018-04-09 01:29:47 +0000  sent 101 bytes  received 20 bytes  242.00 bytes/sec
total size is 39.39K  speedup is 333.36
2018-04-09 01:29:47 +0000  
2018-04-09 01:29:47 +0000  2018-04-09 01:29:47 +0000  /usr/bin/rsync exited with 0

2018-04-09 01:29:47 +0000  2018-04-09 01:29:47 +0000  

2018-04-09 01:29:47 +0000  Running /usr/bin/rsync '-8aPhhE' '/Users/chrisbigart/Library/Developer/Xcode/Archives/2018-04-08/CpuBar 4-8-18, 9.28 PM.xcarchive/dSYMs/' '--link-dest' '/Users/chrisbigart/Library/Developer/Xcode/Archives/2018-04-08/CpuBar 4-8-18, 9.28 PM.xcarchive/dSYMs/' '/var/folders/8r/26jwyhz93fdd3zrb1pncsf000000gn/T/XcodeDistPipeline.4WF'
2018-04-09 01:29:47 +0000  building file list ... 
2018-04-09 01:29:47 +0000   0 files...2018-04-09 01:29:47 +0000  7 files to consider
2018-04-09 01:29:47 +0000  ./
2018-04-09 01:29:47 +0000  CpuBar.app.dSYM/
CpuBar.app.dSYM/Contents/
CpuBar.app.dSYM/Contents/Resources/
CpuBar.app.dSYM/Contents/Resources/DWARF/
2018-04-09 01:29:47 +0000  
sent 254 bytes  received 62 bytes  632.00 bytes/sec
total size is 2.63M  speedup is 8718.57
2018-04-09 01:29:47 +0000  
2018-04-09 01:29:47 +0000  2018-04-09 01:29:47 +0000  /usr/bin/rsync exited with 0

2018-04-09 01:29:47 +0000  
2018-04-09 01:29:47 +0000  
2018-04-09 01:29:47 +0000  Running /Applications/Xcode.app/Contents/Developer/usr/bin/symbols '-noTextInSOD' '-noDaemon' '-arch' 'all' '-symbolsPackageDir' '/var/folders/8r/26jwyhz93fdd3zrb1pncsf000000gn/T/XcodeDistPipeline.4WF/Symbols' '/var/folders/8r/26jwyhz93fdd3zrb1pncsf000000gn/T/XcodeDistPipeline.4WF/libswiftCoreImage.dylib'
2018-04-09 01:29:47 +0000  /var/folders/8r/26jwyhz93fdd3zrb1pncsf000000gn/T/XcodeDistPipeline.4WF/libswiftCoreImage.dylib [x86_64, 0.000914 seconds]:
2018-04-09 01:29:47 +0000  
2018-04-09 01:29:47 +0000  2018-04-09 01:29:47 +0000  /Applications/Xcode.app/Contents/Developer/usr/bin/symbols exited with 0

2018-04-09 01:29:47 +0000  
2018-04-09 01:29:47 +0000  Processing symbols for libswiftDarwin.dylib
2018-04-09 01:29:47 +0000  Running /usr/bin/rsync '-8aPhhE' '/var/folders/8r/26jwyhz93fdd3zrb1pncsf000000gn/T/XcodeDistPipeline.4WF/Root/Applications/CpuBar.app/Contents/Frameworks/libswiftDarwin.dylib' '--link-dest' '/var/folders/8r/26jwyhz93fdd3zrb1pncsf000000gn/T/XcodeDistPipeline.4WF/Root/Applications/CpuBar.app/Contents/Frameworks' '/var/folders/8r/26jwyhz93fdd3zrb1pncsf000000gn/T/XcodeDistPipeline.4WF'
2018-04-09 01:29:47 +0000  building file list ... 
2018-04-09 01:29:47 +0000   0 files...2018-04-09 01:29:47 +0000  1 file to consider
2018-04-09 01:29:47 +0000  
sent 98 bytes  received 20 bytes  236.00 bytes/sec
2018-04-09 01:29:47 +0000  2018-04-09 01:29:47 +0000  total size is 87.38K  speedup is 758.24

2018-04-09 01:29:47 +0000  /usr/bin/rsync exited with 0
2018-04-09 01:29:47 +0000  2018-04-09 01:29:47 +0000  

2018-04-09 01:29:47 +0000  Running /usr/bin/rsync '-8aPhhE' '/Users/chrisbigart/Library/Developer/Xcode/Archives/2018-04-08/CpuBar 4-8-18, 9.28 PM.xcarchive/dSYMs/' '--link-dest' '/Users/chrisbigart/Library/Developer/Xcode/Archives/2018-04-08/CpuBar 4-8-18, 9.28 PM.xcarchive/dSYMs/' '/var/folders/8r/26jwyhz93fdd3zrb1pncsf000000gn/T/XcodeDistPipeline.4WF'
2018-04-09 01:29:47 +0000  building file list ... 
2018-04-09 01:29:47 +0000   0 files...2018-04-09 01:29:47 +0000  7 files to consider
2018-04-09 01:29:47 +0000  ./
2018-04-09 01:29:47 +0000  CpuBar.app.dSYM/
CpuBar.app.dSYM/Contents/
CpuBar.app.dSYM/Contents/Resources/
CpuBar.app.dSYM/Contents/Resources/DWARF/
2018-04-09 01:29:47 +0000  
2018-04-09 01:29:47 +0000  sent 254 bytes  received 62 bytes  632.00 bytes/sec
total size is 2.63M  speedup is 8718.57
2018-04-09 01:29:47 +0000  
2018-04-09 01:29:47 +0000  2018-04-09 01:29:47 +0000  /usr/bin/rsync exited with 0

2018-04-09 01:29:47 +0000  
2018-04-09 01:29:47 +0000  Running /Applications/Xcode.app/Contents/Developer/usr/bin/symbols '-noTextInSOD' '-noDaemon' '-arch' 'all' '-symbolsPackageDir' '/var/folders/8r/26jwyhz93fdd3zrb1pncsf000000gn/T/XcodeDistPipeline.4WF/Symbols' '/var/folders/8r/26jwyhz93fdd3zrb1pncsf000000gn/T/XcodeDistPipeline.4WF/libswiftDarwin.dylib'
2018-04-09 01:29:47 +0000  /var/folders/8r/26jwyhz93fdd3zrb1pncsf000000gn/T/XcodeDistPipeline.4WF/libswiftDarwin.dylib [x86_64, 0.002616 seconds]:
2018-04-09 01:29:47 +0000  
2018-04-09 01:29:47 +0000  
2018-04-09 01:29:47 +0000  /Applications/Xcode.app/Contents/Developer/usr/bin/symbols exited with 0
2018-04-09 01:29:47 +0000  2018-04-09 01:29:47 +0000  

2018-04-09 01:29:47 +0000  Processing symbols for libswiftDispatch.dylib
2018-04-09 01:29:47 +0000  Running /usr/bin/rsync '-8aPhhE' '/var/folders/8r/26jwyhz93fdd3zrb1pncsf000000gn/T/XcodeDistPipeline.4WF/Root/Applications/CpuBar.app/Contents/Frameworks/libswiftDispatch.dylib' '--link-dest' '/var/folders/8r/26jwyhz93fdd3zrb1pncsf000000gn/T/XcodeDistPipeline.4WF/Root/Applications/CpuBar.app/Contents/Frameworks' '/var/folders/8r/26jwyhz93fdd3zrb1pncsf000000gn/T/XcodeDistPipeline.4WF'
2018-04-09 01:29:47 +0000  building file list ... 
2018-04-09 01:29:47 +0000   0 files...2018-04-09 01:29:47 +0000  1 file to consider
2018-04-09 01:29:47 +0000  
sent 100 bytes  received 20 bytes  240.00 bytes/sec
total size is 295.20K  speedup is 2519.07
2018-04-09 01:29:47 +0000  2018-04-09 01:29:47 +0000  

2018-04-09 01:29:47 +0000  /usr/bin/rsync exited with 02018-04-09 01:29:47 +0000  

2018-04-09 01:29:47 +0000  
2018-04-09 01:29:47 +0000  Running /usr/bin/rsync '-8aPhhE' '/Users/chrisbigart/Library/Developer/Xcode/Archives/2018-04-08/CpuBar 4-8-18, 9.28 PM.xcarchive/dSYMs/' '--link-dest' '/Users/chrisbigart/Library/Developer/Xcode/Archives/2018-04-08/CpuBar 4-8-18, 9.28 PM.xcarchive/dSYMs/' '/var/folders/8r/26jwyhz93fdd3zrb1pncsf000000gn/T/XcodeDistPipeline.4WF'
2018-04-09 01:29:47 +0000  building file list ... 
2018-04-09 01:29:47 +0000   0 files...2018-04-09 01:29:47 +0000  7 files to consider
2018-04-09 01:29:47 +0000  ./
2018-04-09 01:29:47 +0000  CpuBar.app.dSYM/
CpuBar.app.dSYM/Contents/
CpuBar.app.dSYM/Contents/Resources/
CpuBar.app.dSYM/Contents/Resources/DWARF/
2018-04-09 01:29:47 +0000  
2018-04-09 01:29:47 +0000  sent 254 bytes  received 62 bytes  632.00 bytes/sec
total size is 2.63M  speedup is 8718.57
2018-04-09 01:29:47 +0000  
2018-04-09 01:29:47 +0000  
2018-04-09 01:29:47 +0000  2018-04-09 01:29:47 +0000  /usr/bin/rsync exited with 0

2018-04-09 01:29:47 +0000  2018-04-09 01:29:47 +0000  

2018-04-09 01:29:47 +0000  Running /Applications/Xcode.app/Contents/Developer/usr/bin/symbols '-noTextInSOD' '-noDaemon' '-arch' 'all' '-symbolsPackageDir' '/var/folders/8r/26jwyhz93fdd3zrb1pncsf000000gn/T/XcodeDistPipeline.4WF/Symbols' '/var/folders/8r/26jwyhz93fdd3zrb1pncsf000000gn/T/XcodeDistPipeline.4WF/libswiftDispatch.dylib'
2018-04-09 01:29:47 +0000  /var/folders/8r/26jwyhz93fdd3zrb1pncsf000000gn/T/XcodeDistPipeline.4WF/libswiftDispatch.dylib [x86_64, 0.007741 seconds]:
2018-04-09 01:29:47 +0000  
2018-04-09 01:29:47 +0000  
2018-04-09 01:29:47 +0000  2018-04-09 01:29:47 +0000  /Applications/Xcode.app/Contents/Developer/usr/bin/symbols exited with 0

2018-04-09 01:29:47 +0000  2018-04-09 01:29:47 +0000  

2018-04-09 01:29:47 +0000  Processing symbols for libswiftFoundation.dylib
2018-04-09 01:29:47 +0000  Running /usr/bin/rsync '-8aPhhE' '/var/folders/8r/26jwyhz93fdd3zrb1pncsf000000gn/T/XcodeDistPipeline.4WF/Root/Applications/CpuBar.app/Contents/Frameworks/libswiftFoundation.dylib' '--link-dest' '/var/folders/8r/26jwyhz93fdd3zrb1pncsf000000gn/T/XcodeDistPipeline.4WF/Root/Applications/CpuBar.app/Contents/Frameworks' '/var/folders/8r/26jwyhz93fdd3zrb1pncsf000000gn/T/XcodeDistPipeline.4WF'
2018-04-09 01:29:47 +0000  building file list ... 
2018-04-09 01:29:47 +0000   0 files...2018-04-09 01:29:47 +0000  1 file to consider
2018-04-09 01:29:47 +0000  
2018-04-09 01:29:47 +0000  sent 102 bytes  received 20 bytes  244.00 bytes/sec
total size is 2.71M  speedup is 23312.79
2018-04-09 01:29:47 +0000  2018-04-09 01:29:47 +0000  

2018-04-09 01:29:47 +0000  /usr/bin/rsync exited with 0
2018-04-09 01:29:47 +0000  2018-04-09 01:29:47 +0000  

2018-04-09 01:29:47 +0000  Running /usr/bin/rsync '-8aPhhE' '/Users/chrisbigart/Library/Developer/Xcode/Archives/2018-04-08/CpuBar 4-8-18, 9.28 PM.xcarchive/dSYMs/' '--link-dest' '/Users/chrisbigart/Library/Developer/Xcode/Archives/2018-04-08/CpuBar 4-8-18, 9.28 PM.xcarchive/dSYMs/' '/var/folders/8r/26jwyhz93fdd3zrb1pncsf000000gn/T/XcodeDistPipeline.4WF'
2018-04-09 01:29:47 +0000  building file list ... 
2018-04-09 01:29:47 +0000   0 files...2018-04-09 01:29:47 +0000  7 files to consider
2018-04-09 01:29:47 +0000  ./
2018-04-09 01:29:47 +0000  CpuBar.app.dSYM/
CpuBar.app.dSYM/Contents/
CpuBar.app.dSYM/Contents/Resources/
CpuBar.app.dSYM/Contents/Resources/DWARF/
2018-04-09 01:29:47 +0000  
2018-04-09 01:29:47 +0000  sent 254 bytes  received 62 bytes  632.00 bytes/sec
total size is 2.63M  speedup is 8718.57
2018-04-09 01:29:47 +0000  
2018-04-09 01:29:47 +0000  
2018-04-09 01:29:47 +0000  /usr/bin/rsync exited with 02018-04-09 01:29:47 +0000  

2018-04-09 01:29:47 +0000  
2018-04-09 01:29:47 +0000  Running /Applications/Xcode.app/Contents/Developer/usr/bin/symbols '-noTextInSOD' '-noDaemon' '-arch' 'all' '-symbolsPackageDir' '/var/folders/8r/26jwyhz93fdd3zrb1pncsf000000gn/T/XcodeDistPipeline.4WF/Symbols' '/var/folders/8r/26jwyhz93fdd3zrb1pncsf000000gn/T/XcodeDistPipeline.4WF/libswiftFoundation.dylib'
2018-04-09 01:29:47 +0000  /var/folders/8r/26jwyhz93fdd3zrb1pncsf000000gn/T/XcodeDistPipeline.4WF/libswiftFoundation.dylib [x86_64, 0.047498 seconds]:
2018-04-09 01:29:47 +0000  
2018-04-09 01:29:47 +0000  2018-04-09 01:29:47 +0000  /Applications/Xcode.app/Contents/Developer/usr/bin/symbols exited with 0

2018-04-09 01:29:47 +0000  
2018-04-09 01:29:47 +0000  
2018-04-09 01:29:47 +0000  Processing symbols for libswiftIOKit.dylib
2018-04-09 01:29:47 +0000  Running /usr/bin/rsync '-8aPhhE' '/var/folders/8r/26jwyhz93fdd3zrb1pncsf000000gn/T/XcodeDistPipeline.4WF/Root/Applications/CpuBar.app/Contents/Frameworks/libswiftIOKit.dylib' '--link-dest' '/var/folders/8r/26jwyhz93fdd3zrb1pncsf000000gn/T/XcodeDistPipeline.4WF/Root/Applications/CpuBar.app/Contents/Frameworks' '/var/folders/8r/26jwyhz93fdd3zrb1pncsf000000gn/T/XcodeDistPipeline.4WF'
2018-04-09 01:29:47 +0000  building file list ... 
2018-04-09 01:29:47 +0000   0 files...2018-04-09 01:29:47 +0000  1 file to consider
2018-04-09 01:29:47 +0000  
sent 97 bytes  received 20 bytes  234.00 bytes/sec
2018-04-09 01:29:47 +0000  2018-04-09 01:29:47 +0000  total size is 35.20K  speedup is 308.10

2018-04-09 01:29:47 +0000  /usr/bin/rsync exited with 0
2018-04-09 01:29:47 +0000  2018-04-09 01:29:47 +0000  

2018-04-09 01:29:47 +0000  Running /usr/bin/rsync '-8aPhhE' '/Users/chrisbigart/Library/Developer/Xcode/Archives/2018-04-08/CpuBar 4-8-18, 9.28 PM.xcarchive/dSYMs/' '--link-dest' '/Users/chrisbigart/Library/Developer/Xcode/Archives/2018-04-08/CpuBar 4-8-18, 9.28 PM.xcarchive/dSYMs/' '/var/folders/8r/26jwyhz93fdd3zrb1pncsf000000gn/T/XcodeDistPipeline.4WF'
2018-04-09 01:29:47 +0000  building file list ... 
2018-04-09 01:29:47 +0000   0 files...2018-04-09 01:29:47 +0000  7 files to consider
2018-04-09 01:29:47 +0000  ./
2018-04-09 01:29:47 +0000  CpuBar.app.dSYM/
CpuBar.app.dSYM/Contents/
CpuBar.app.dSYM/Contents/Resources/
CpuBar.app.dSYM/Contents/Resources/DWARF/
2018-04-09 01:29:47 +0000  
2018-04-09 01:29:47 +0000  sent 254 bytes  received 62 bytes  632.00 bytes/sec
total size is 2.63M  speedup is 8718.57
2018-04-09 01:29:47 +0000  
2018-04-09 01:29:47 +0000  
2018-04-09 01:29:47 +0000  /usr/bin/rsync exited with 0
2018-04-09 01:29:47 +0000  2018-04-09 01:29:47 +0000  

2018-04-09 01:29:47 +0000  Running /Applications/Xcode.app/Contents/Developer/usr/bin/symbols '-noTextInSOD' '-noDaemon' '-arch' 'all' '-symbolsPackageDir' '/var/folders/8r/26jwyhz93fdd3zrb1pncsf000000gn/T/XcodeDistPipeline.4WF/Symbols' '/var/folders/8r/26jwyhz93fdd3zrb1pncsf000000gn/T/XcodeDistPipeline.4WF/libswiftIOKit.dylib'
2018-04-09 01:29:47 +0000  /var/folders/8r/26jwyhz93fdd3zrb1pncsf000000gn/T/XcodeDistPipeline.4WF/libswiftIOKit.dylib [x86_64, 0.001494 seconds]:
2018-04-09 01:29:47 +0000  
2018-04-09 01:29:47 +0000  2018-04-09 01:29:47 +0000  /Applications/Xcode.app/Contents/Developer/usr/bin/symbols exited with 0

2018-04-09 01:29:47 +0000  2018-04-09 01:29:47 +0000  

2018-04-09 01:29:47 +0000  Processing symbols for libswiftMetal.dylib
2018-04-09 01:29:47 +0000  Running /usr/bin/rsync '-8aPhhE' '/var/folders/8r/26jwyhz93fdd3zrb1pncsf000000gn/T/XcodeDistPipeline.4WF/Root/Applications/CpuBar.app/Contents/Frameworks/libswiftMetal.dylib' '--link-dest' '/var/folders/8r/26jwyhz93fdd3zrb1pncsf000000gn/T/XcodeDistPipeline.4WF/Root/Applications/CpuBar.app/Contents/Frameworks' '/var/folders/8r/26jwyhz93fdd3zrb1pncsf000000gn/T/XcodeDistPipeline.4WF'
2018-04-09 01:29:47 +0000  building file list ... 
2018-04-09 01:29:47 +0000   0 files...2018-04-09 01:29:47 +0000  1 file to consider
2018-04-09 01:29:47 +0000  
sent 97 bytes  received 20 bytes  234.00 bytes/sec
total size is 67.16K  speedup is 587.76
2018-04-09 01:29:47 +0000  2018-04-09 01:29:47 +0000  

2018-04-09 01:29:47 +0000  /usr/bin/rsync exited with 0
2018-04-09 01:29:47 +0000  
2018-04-09 01:29:47 +0000  
2018-04-09 01:29:47 +0000  Running /usr/bin/rsync '-8aPhhE' '/Users/chrisbigart/Library/Developer/Xcode/Archives/2018-04-08/CpuBar 4-8-18, 9.28 PM.xcarchive/dSYMs/' '--link-dest' '/Users/chrisbigart/Library/Developer/Xcode/Archives/2018-04-08/CpuBar 4-8-18, 9.28 PM.xcarchive/dSYMs/' '/var/folders/8r/26jwyhz93fdd3zrb1pncsf000000gn/T/XcodeDistPipeline.4WF'
2018-04-09 01:29:47 +0000  building file list ... 
2018-04-09 01:29:47 +0000   0 files...2018-04-09 01:29:47 +0000  7 files to consider
2018-04-09 01:29:47 +0000  ./
2018-04-09 01:29:47 +0000  CpuBar.app.dSYM/
CpuBar.app.dSYM/Contents/
CpuBar.app.dSYM/Contents/Resources/
CpuBar.app.dSYM/Contents/Resources/DWARF/
2018-04-09 01:29:47 +0000  
sent 254 bytes  received 62 bytes  632.00 bytes/sec
2018-04-09 01:29:47 +0000  2018-04-09 01:29:47 +0000  total size is 2.63M  speedup is 8718.57

2018-04-09 01:29:47 +0000  /usr/bin/rsync exited with 02018-04-09 01:29:47 +0000  

2018-04-09 01:29:47 +0000  
2018-04-09 01:29:47 +0000  Running /Applications/Xcode.app/Contents/Developer/usr/bin/symbols '-noTextInSOD' '-noDaemon' '-arch' 'all' '-symbolsPackageDir' '/var/folders/8r/26jwyhz93fdd3zrb1pncsf000000gn/T/XcodeDistPipeline.4WF/Symbols' '/var/folders/8r/26jwyhz93fdd3zrb1pncsf000000gn/T/XcodeDistPipeline.4WF/libswiftMetal.dylib'
2018-04-09 01:29:47 +0000  /var/folders/8r/26jwyhz93fdd3zrb1pncsf000000gn/T/XcodeDistPipeline.4WF/libswiftMetal.dylib [x86_64, 0.001300 seconds]:
2018-04-09 01:29:47 +0000  
2018-04-09 01:29:47 +0000  
2018-04-09 01:29:47 +0000  /Applications/Xcode.app/Contents/Developer/usr/bin/symbols exited with 0
2018-04-09 01:29:47 +0000  
2018-04-09 01:29:47 +0000  Processing symbols for libswiftObjectiveC.dylib
2018-04-09 01:29:47 +0000  Running /usr/bin/rsync '-8aPhhE' '/var/folders/8r/26jwyhz93fdd3zrb1pncsf000000gn/T/XcodeDistPipeline.4WF/Root/Applications/CpuBar.app/Contents/Frameworks/libswiftObjectiveC.dylib' '--link-dest' '/var/folders/8r/26jwyhz93fdd3zrb1pncsf000000gn/T/XcodeDistPipeline.4WF/Root/Applications/CpuBar.app/Contents/Frameworks' '/var/folders/8r/26jwyhz93fdd3zrb1pncsf000000gn/T/XcodeDistPipeline.4WF'
2018-04-09 01:29:47 +0000  building file list ... 
2018-04-09 01:29:47 +0000   0 files...2018-04-09 01:29:47 +0000  1 file to consider
2018-04-09 01:29:47 +0000  
sent 102 bytes  received 20 bytes  244.00 bytes/sec
total size is 59.48K  speedup is 499.28
2018-04-09 01:29:47 +0000  
2018-04-09 01:29:47 +0000  
2018-04-09 01:29:47 +0000  /usr/bin/rsync exited with 02018-04-09 01:29:47 +0000  

2018-04-09 01:29:47 +0000  2018-04-09 01:29:47 +0000  Running /usr/bin/rsync '-8aPhhE' '/Users/chrisbigart/Library/Developer/Xcode/Archives/2018-04-08/CpuBar 4-8-18, 9.28 PM.xcarchive/dSYMs/' '--link-dest' '/Users/chrisbigart/Library/Developer/Xcode/Archives/2018-04-08/CpuBar 4-8-18, 9.28 PM.xcarchive/dSYMs/' '/var/folders/8r/26jwyhz93fdd3zrb1pncsf000000gn/T/XcodeDistPipeline.4WF'

2018-04-09 01:29:47 +0000  building file list ... 
2018-04-09 01:29:47 +0000   0 files...2018-04-09 01:29:47 +0000  7 files to consider
2018-04-09 01:29:47 +0000  ./
2018-04-09 01:29:47 +0000  CpuBar.app.dSYM/
CpuBar.app.dSYM/Contents/
CpuBar.app.dSYM/Contents/Resources/
CpuBar.app.dSYM/Contents/Resources/DWARF/
2018-04-09 01:29:47 +0000  
sent 254 bytes  received 62 bytes  632.00 bytes/sec
2018-04-09 01:29:47 +0000  total size is 2.63M  speedup is 8718.57
2018-04-09 01:29:47 +0000  
2018-04-09 01:29:47 +0000  /usr/bin/rsync exited with 02018-04-09 01:29:47 +0000  

2018-04-09 01:29:47 +0000  
2018-04-09 01:29:47 +0000  Running /Applications/Xcode.app/Contents/Developer/usr/bin/symbols '-noTextInSOD' '-noDaemon' '-arch' 'all' '-symbolsPackageDir' '/var/folders/8r/26jwyhz93fdd3zrb1pncsf000000gn/T/XcodeDistPipeline.4WF/Symbols' '/var/folders/8r/26jwyhz93fdd3zrb1pncsf000000gn/T/XcodeDistPipeline.4WF/libswiftObjectiveC.dylib'
2018-04-09 01:29:47 +0000  /var/folders/8r/26jwyhz93fdd3zrb1pncsf000000gn/T/XcodeDistPipeline.4WF/libswiftObjectiveC.dylib [x86_64, 0.001945 seconds]:
2018-04-09 01:29:47 +0000  
2018-04-09 01:29:47 +0000  
2018-04-09 01:29:47 +0000  2018-04-09 01:29:47 +0000  /Applications/Xcode.app/Contents/Developer/usr/bin/symbols exited with 0

2018-04-09 01:29:47 +0000  2018-04-09 01:29:47 +0000  

2018-04-09 01:29:47 +0000  Processing symbols for libswiftQuartzCore.dylib
2018-04-09 01:29:47 +0000  Running /usr/bin/rsync '-8aPhhE' '/var/folders/8r/26jwyhz93fdd3zrb1pncsf000000gn/T/XcodeDistPipeline.4WF/Root/Applications/CpuBar.app/Contents/Frameworks/libswiftQuartzCore.dylib' '--link-dest' '/var/folders/8r/26jwyhz93fdd3zrb1pncsf000000gn/T/XcodeDistPipeline.4WF/Root/Applications/CpuBar.app/Contents/Frameworks' '/var/folders/8r/26jwyhz93fdd3zrb1pncsf000000gn/T/XcodeDistPipeline.4WF'
2018-04-09 01:29:47 +0000  building file list ... 
2018-04-09 01:29:47 +0000   0 files...2018-04-09 01:29:47 +0000  1 file to consider
2018-04-09 01:29:47 +0000  
2018-04-09 01:29:47 +0000  sent 102 bytes  received 20 bytes  244.00 bytes/sec
total size is 51.14K  speedup is 429.25
2018-04-09 01:29:47 +0000  
2018-04-09 01:29:47 +0000  /usr/bin/rsync exited with 02018-04-09 01:29:47 +0000  

2018-04-09 01:29:47 +0000  Running /usr/bin/rsync '-8aPhhE' '/Users/chrisbigart/Library/Developer/Xcode/Archives/2018-04-08/CpuBar 4-8-18, 9.28 PM.xcarchive/dSYMs/' '--link-dest' '/Users/chrisbigart/Library/Developer/Xcode/Archives/2018-04-08/CpuBar 4-8-18, 9.28 PM.xcarchive/dSYMs/' '/var/folders/8r/26jwyhz93fdd3zrb1pncsf000000gn/T/XcodeDistPipeline.4WF'
2018-04-09 01:29:47 +0000  building file list ... 
2018-04-09 01:29:48 +0000   0 files...2018-04-09 01:29:48 +0000  7 files to consider
2018-04-09 01:29:48 +0000  ./
2018-04-09 01:29:48 +0000  CpuBar.app.dSYM/
CpuBar.app.dSYM/Contents/
CpuBar.app.dSYM/Contents/Resources/
CpuBar.app.dSYM/Contents/Resources/DWARF/
2018-04-09 01:29:48 +0000  
sent 254 bytes  received 62 bytes  210.67 bytes/sec
total size is 2.63M  speedup is 8718.57
2018-04-09 01:29:48 +0000  
2018-04-09 01:29:48 +0000  2018-04-09 01:29:48 +0000  /usr/bin/rsync exited with 0
2018-04-09 01:29:48 +0000  

2018-04-09 01:29:48 +0000  Running /Applications/Xcode.app/Contents/Developer/usr/bin/symbols '-noTextInSOD' '-noDaemon' '-arch' 'all' '-symbolsPackageDir' '/var/folders/8r/26jwyhz93fdd3zrb1pncsf000000gn/T/XcodeDistPipeline.4WF/Symbols' '/var/folders/8r/26jwyhz93fdd3zrb1pncsf000000gn/T/XcodeDistPipeline.4WF/libswiftQuartzCore.dylib'
2018-04-09 01:29:48 +0000  /var/folders/8r/26jwyhz93fdd3zrb1pncsf000000gn/T/XcodeDistPipeline.4WF/libswiftQuartzCore.dylib [x86_64, 0.001166 seconds]:
2018-04-09 01:29:48 +0000  2018-04-09 01:29:48 +0000  

2018-04-09 01:29:48 +0000  2018-04-09 01:29:48 +0000  /Applications/Xcode.app/Contents/Developer/usr/bin/symbols exited with 0
2018-04-09 01:29:48 +0000  

2018-04-09 01:29:48 +0000  Processing symbols for libswiftXPC.dylib
2018-04-09 01:29:48 +0000  Running /usr/bin/rsync '-8aPhhE' '/var/folders/8r/26jwyhz93fdd3zrb1pncsf000000gn/T/XcodeDistPipeline.4WF/Root/Applications/CpuBar.app/Contents/Frameworks/libswiftXPC.dylib' '--link-dest' '/var/folders/8r/26jwyhz93fdd3zrb1pncsf000000gn/T/XcodeDistPipeline.4WF/Root/Applications/CpuBar.app/Contents/Frameworks' '/var/folders/8r/26jwyhz93fdd3zrb1pncsf000000gn/T/XcodeDistPipeline.4WF'
2018-04-09 01:29:48 +0000  building file list ... 
2018-04-09 01:29:48 +0000   0 files...2018-04-09 01:29:48 +0000  1 file to consider
2018-04-09 01:29:48 +0000  
sent 95 bytes  received 20 bytes  230.00 bytes/sec
total size is 35.11K  speedup is 312.63
2018-04-09 01:29:48 +0000  2018-04-09 01:29:48 +0000  

2018-04-09 01:29:48 +0000  /usr/bin/rsync exited with 0
2018-04-09 01:29:48 +0000  2018-04-09 01:29:48 +0000  

2018-04-09 01:29:48 +0000  Running /usr/bin/rsync '-8aPhhE' '/Users/chrisbigart/Library/Developer/Xcode/Archives/2018-04-08/CpuBar 4-8-18, 9.28 PM.xcarchive/dSYMs/' '--link-dest' '/Users/chrisbigart/Library/Developer/Xcode/Archives/2018-04-08/CpuBar 4-8-18, 9.28 PM.xcarchive/dSYMs/' '/var/folders/8r/26jwyhz93fdd3zrb1pncsf000000gn/T/XcodeDistPipeline.4WF'
2018-04-09 01:29:48 +0000  building file list ... 
2018-04-09 01:29:48 +0000   0 files...2018-04-09 01:29:48 +0000  7 files to consider
2018-04-09 01:29:48 +0000  ./
2018-04-09 01:29:48 +0000  CpuBar.app.dSYM/
CpuBar.app.dSYM/Contents/
CpuBar.app.dSYM/Contents/Resources/
CpuBar.app.dSYM/Contents/Resources/DWARF/
2018-04-09 01:29:48 +0000  
2018-04-09 01:29:48 +0000  
2018-04-09 01:29:48 +0000  sent 254 bytes  received 62 bytes  632.00 bytes/sec
total size is 2.63M  speedup is 8718.57
2018-04-09 01:29:48 +0000  2018-04-09 01:29:48 +0000  /usr/bin/rsync exited with 0

2018-04-09 01:29:48 +0000  
2018-04-09 01:29:48 +0000  
2018-04-09 01:29:48 +0000  Running /Applications/Xcode.app/Contents/Developer/usr/bin/symbols '-noTextInSOD' '-noDaemon' '-arch' 'all' '-symbolsPackageDir' '/var/folders/8r/26jwyhz93fdd3zrb1pncsf000000gn/T/XcodeDistPipeline.4WF/Symbols' '/var/folders/8r/26jwyhz93fdd3zrb1pncsf000000gn/T/XcodeDistPipeline.4WF/libswiftXPC.dylib'
2018-04-09 01:29:48 +0000  /var/folders/8r/26jwyhz93fdd3zrb1pncsf000000gn/T/XcodeDistPipeline.4WF/libswiftXPC.dylib [x86_64, 0.001067 seconds]:
2018-04-09 01:29:48 +0000  
2018-04-09 01:29:48 +0000  
2018-04-09 01:29:48 +0000  /Applications/Xcode.app/Contents/Developer/usr/bin/symbols exited with 0
2018-04-09 01:29:48 +0000  2018-04-09 01:29:48 +0000  

2018-04-09 01:29:48 +0000  Processing symbols for libswiftos.dylib
2018-04-09 01:29:48 +0000  Running /usr/bin/rsync '-8aPhhE' '/var/folders/8r/26jwyhz93fdd3zrb1pncsf000000gn/T/XcodeDistPipeline.4WF/Root/Applications/CpuBar.app/Contents/Frameworks/libswiftos.dylib' '--link-dest' '/var/folders/8r/26jwyhz93fdd3zrb1pncsf000000gn/T/XcodeDistPipeline.4WF/Root/Applications/CpuBar.app/Contents/Frameworks' '/var/folders/8r/26jwyhz93fdd3zrb1pncsf000000gn/T/XcodeDistPipeline.4WF'
2018-04-09 01:29:48 +0000  building file list ... 
2018-04-09 01:29:48 +0000   0 files...2018-04-09 01:29:48 +0000  1 file to consider
2018-04-09 01:29:48 +0000  
2018-04-09 01:29:48 +0000  sent 94 bytes  received 20 bytes  228.00 bytes/sec
total size is 48.28K  speedup is 433.68
2018-04-09 01:29:48 +0000  
2018-04-09 01:29:48 +0000  2018-04-09 01:29:48 +0000  /usr/bin/rsync exited with 0

2018-04-09 01:29:48 +0000  2018-04-09 01:29:48 +0000  

2018-04-09 01:29:48 +0000  Running /usr/bin/rsync '-8aPhhE' '/Users/chrisbigart/Library/Developer/Xcode/Archives/2018-04-08/CpuBar 4-8-18, 9.28 PM.xcarchive/dSYMs/' '--link-dest' '/Users/chrisbigart/Library/Developer/Xcode/Archives/2018-04-08/CpuBar 4-8-18, 9.28 PM.xcarchive/dSYMs/' '/var/folders/8r/26jwyhz93fdd3zrb1pncsf000000gn/T/XcodeDistPipeline.4WF'
2018-04-09 01:29:48 +0000  building file list ... 
2018-04-09 01:29:48 +0000   0 files...2018-04-09 01:29:48 +0000  7 files to consider
2018-04-09 01:29:48 +0000  ./
2018-04-09 01:29:48 +0000  CpuBar.app.dSYM/
CpuBar.app.dSYM/Contents/
CpuBar.app.dSYM/Contents/Resources/
CpuBar.app.dSYM/Contents/Resources/DWARF/
2018-04-09 01:29:48 +0000  
2018-04-09 01:29:48 +0000  
2018-04-09 01:29:48 +0000  sent 254 bytes  received 62 bytes  632.00 bytes/sec
total size is 2.63M  speedup is 8718.57
2018-04-09 01:29:48 +0000  2018-04-09 01:29:48 +0000  /usr/bin/rsync exited with 0

2018-04-09 01:29:48 +0000  2018-04-09 01:29:48 +0000  

2018-04-09 01:29:48 +0000  Running /Applications/Xcode.app/Contents/Developer/usr/bin/symbols '-noTextInSOD' '-noDaemon' '-arch' 'all' '-symbolsPackageDir' '/var/folders/8r/26jwyhz93fdd3zrb1pncsf000000gn/T/XcodeDistPipeline.4WF/Symbols' '/var/folders/8r/26jwyhz93fdd3zrb1pncsf000000gn/T/XcodeDistPipeline.4WF/libswiftos.dylib'
2018-04-09 01:29:48 +0000  /var/folders/8r/26jwyhz93fdd3zrb1pncsf000000gn/T/XcodeDistPipeline.4WF/libswiftos.dylib [x86_64, 0.001474 seconds]:
2018-04-09 01:29:48 +0000  
2018-04-09 01:29:48 +0000  
2018-04-09 01:29:48 +0000  /Applications/Xcode.app/Contents/Developer/usr/bin/symbols exited with 02018-04-09 01:29:48 +0000  

2018-04-09 01:29:48 +0000  Processing symbols for CpuBar.app
2018-04-09 01:29:48 +0000  Running /usr/bin/rsync '-8aPhhE' '/var/folders/8r/26jwyhz93fdd3zrb1pncsf000000gn/T/XcodeDistPipeline.4WF/Root/Applications/CpuBar.app' '--link-dest' '/var/folders/8r/26jwyhz93fdd3zrb1pncsf000000gn/T/XcodeDistPipeline.4WF/Root/Applications' '/var/folders/8r/26jwyhz93fdd3zrb1pncsf000000gn/T/XcodeDistPipeline.4WF'
2018-04-09 01:29:48 +0000  building file list ... 
2018-04-09 01:29:48 +0000   0 files...2018-04-09 01:29:48 +0000  37 files to consider
2018-04-09 01:29:48 +0000  CpuBar.app/
2018-04-09 01:29:48 +0000  CpuBar.app/Contents/
CpuBar.app/Contents/Frameworks/
2018-04-09 01:29:48 +0000  CpuBar.app/Contents/MacOS/
CpuBar.app/Contents/Resources/
2018-04-09 01:29:48 +0000  CpuBar.app/Contents/Resources/._cpu_outline.png
2018-04-09 01:29:48 +0000           176 100%    0.00kB/s    0:00:00         176 100%    0.00kB/s    0:00:00 (xfer#1, to-check=13/37)
2018-04-09 01:29:48 +0000  CpuBar.app/Contents/Resources/._memory_outline.png
2018-04-09 01:29:48 +0000           177 100%   86.43kB/s    0:00:00         177 100%   86.43kB/s    0:00:00 (xfer#2, to-check=12/37)
2018-04-09 01:29:48 +0000  CpuBar.app/Contents/Resources/Base.lproj/
2018-04-09 01:29:48 +0000  CpuBar.app/Contents/_CodeSignature/
2018-04-09 01:29:48 +0000  
sent 1.47K bytes  received 106 bytes  3.16K bytes/sec
total size is 10.43M  speedup is 6769.83
2018-04-09 01:29:48 +0000  
2018-04-09 01:29:48 +0000  
2018-04-09 01:29:48 +0000  /usr/bin/rsync exited with 02018-04-09 01:29:48 +0000  

2018-04-09 01:29:48 +0000  
2018-04-09 01:29:48 +0000  Running /usr/bin/rsync '-8aPhhE' '/Users/chrisbigart/Library/Developer/Xcode/Archives/2018-04-08/CpuBar 4-8-18, 9.28 PM.xcarchive/dSYMs/' '--link-dest' '/Users/chrisbigart/Library/Developer/Xcode/Archives/2018-04-08/CpuBar 4-8-18, 9.28 PM.xcarchive/dSYMs/' '/var/folders/8r/26jwyhz93fdd3zrb1pncsf000000gn/T/XcodeDistPipeline.4WF'
2018-04-09 01:29:48 +0000  building file list ... 
2018-04-09 01:29:48 +0000   0 files...2018-04-09 01:29:48 +0000  7 files to consider
2018-04-09 01:29:48 +0000  ./
2018-04-09 01:29:48 +0000  CpuBar.app.dSYM/
CpuBar.app.dSYM/Contents/
CpuBar.app.dSYM/Contents/Resources/
CpuBar.app.dSYM/Contents/Resources/DWARF/
2018-04-09 01:29:48 +0000  
2018-04-09 01:29:48 +0000  sent 254 bytes  received 62 bytes  632.00 bytes/sec
total size is 2.63M  speedup is 8718.57
2018-04-09 01:29:48 +0000  
2018-04-09 01:29:48 +0000  
2018-04-09 01:29:48 +0000  
2018-04-09 01:29:48 +0000  /usr/bin/rsync exited with 02018-04-09 01:29:48 +0000  

2018-04-09 01:29:48 +0000  
2018-04-09 01:29:48 +0000  Running /Applications/Xcode.app/Contents/Developer/usr/bin/symbols '-noTextInSOD' '-noDaemon' '-arch' 'all' '-symbolsPackageDir' '/var/folders/8r/26jwyhz93fdd3zrb1pncsf000000gn/T/XcodeDistPipeline.4WF/Symbols' '/var/folders/8r/26jwyhz93fdd3zrb1pncsf000000gn/T/XcodeDistPipeline.4WF/CpuBar.app.dSYM/Contents/Resources/Dwarf/CpuBar'
2018-04-09 01:29:48 +0000  /var/folders/8r/26jwyhz93fdd3zrb1pncsf000000gn/T/XcodeDistPipeline.4WF/CpuBar.app.dSYM/Contents/Resources/Dwarf/CpuBar [x86_64, 0.051979 seconds]:
2018-04-09 01:29:48 +0000  
2018-04-09 01:29:48 +0000  2018-04-09 01:29:48 +0000  /Applications/Xcode.app/Contents/Developer/usr/bin/symbols exited with 0

2018-04-09 01:29:48 +0000  
2018-04-09 01:29:48 +0000  Processing step: IDEDistributionCopyAppleProvidedContentStep
2018-04-09 01:29:48 +0000  Processing step: IDEDistributionAppThinningStep
2018-04-09 01:29:48 +0000  Skipping step: IDEDistributionAppThinningStep because it said so
2018-04-09 01:29:48 +0000  Processing step: IDEDistributionODRStep
2018-04-09 01:29:48 +0000  Processing step: IDEDistributionStripXattrsStep
2018-04-09 01:29:48 +0000  Skipping stripping extended attributes of item: <IDEDistributionItem: 0x7fe12135d880 'com.apple.dt.runtime.swiftAppKit' '<DVTFilePath:0x7fe11d7b37e0:'/Users/chrisbigart/Library/Developer/Xcode/Archives/2018-04-08/CpuBar 4-8-18, 9.28 PM.xcarchive/Products/Applications/CpuBar.app/Contents/Frameworks/libswiftAppKit.dylib'>'>
2018-04-09 01:29:48 +0000  Skipping stripping extended attributes of item: <IDEDistributionItem: 0x7fe123b3eac0 'com.apple.dt.runtime.swiftCore' '<DVTFilePath:0x7fe12519f520:'/Users/chrisbigart/Library/Developer/Xcode/Archives/2018-04-08/CpuBar 4-8-18, 9.28 PM.xcarchive/Products/Applications/CpuBar.app/Contents/Frameworks/libswiftCore.dylib'>'>
2018-04-09 01:29:48 +0000  Skipping stripping extended attributes of item: <IDEDistributionItem: 0x7fe12509afd0 'com.apple.dt.runtime.swiftCoreData' '<DVTFilePath:0x7fe1239ef780:'/Users/chrisbigart/Library/Developer/Xcode/Archives/2018-04-08/CpuBar 4-8-18, 9.28 PM.xcarchive/Products/Applications/CpuBar.app/Contents/Frameworks/libswiftCoreData.dylib'>'>
2018-04-09 01:29:48 +0000  Skipping stripping extended attributes of item: <IDEDistributionItem: 0x7fe1213aa960 'com.apple.dt.runtime.swiftCoreFoundation' '<DVTFilePath:0x7fe12520f250:'/Users/chrisbigart/Library/Developer/Xcode/Archives/2018-04-08/CpuBar 4-8-18, 9.28 PM.xcarchive/Products/Applications/CpuBar.app/Contents/Frameworks/libswiftCoreFoundation.dylib'>'>
2018-04-09 01:29:48 +0000  Skipping stripping extended attributes of item: <IDEDistributionItem: 0x7fe121399790 'com.apple.dt.runtime.swiftCoreGraphics' '<DVTFilePath:0x7fe1239f5b90:'/Users/chrisbigart/Library/Developer/Xcode/Archives/2018-04-08/CpuBar 4-8-18, 9.28 PM.xcarchive/Products/Applications/CpuBar.app/Contents/Frameworks/libswiftCoreGraphics.dylib'>'>
2018-04-09 01:29:48 +0000  Skipping stripping extended attributes of item: <IDEDistributionItem: 0x7fe123cf1150 'com.apple.dt.runtime.swiftCoreImage' '<DVTFilePath:0x7fe1213a5bb0:'/Users/chrisbigart/Library/Developer/Xcode/Archives/2018-04-08/CpuBar 4-8-18, 9.28 PM.xcarchive/Products/Applications/CpuBar.app/Contents/Frameworks/libswiftCoreImage.dylib'>'>
2018-04-09 01:29:48 +0000  Skipping stripping extended attributes of item: <IDEDistributionItem: 0x7fe1222aacd0 'com.apple.dt.runtime.swiftDarwin' '<DVTFilePath:0x7fe12519f6d0:'/Users/chrisbigart/Library/Developer/Xcode/Archives/2018-04-08/CpuBar 4-8-18, 9.28 PM.xcarchive/Products/Applications/CpuBar.app/Contents/Frameworks/libswiftDarwin.dylib'>'>
2018-04-09 01:29:48 +0000  Skipping stripping extended attributes of item: <IDEDistributionItem: 0x7fe123d9e2e0 'com.apple.dt.runtime.swiftDispatch' '<DVTFilePath:0x7fe125173060:'/Users/chrisbigart/Library/Developer/Xcode/Archives/2018-04-08/CpuBar 4-8-18, 9.28 PM.xcarchive/Products/Applications/CpuBar.app/Contents/Frameworks/libswiftDispatch.dylib'>'>
2018-04-09 01:29:48 +0000  Skipping stripping extended attributes of item: <IDEDistributionItem: 0x7fe1254803f0 'com.apple.dt.runtime.swiftFoundation' '<DVTFilePath:0x7fe123628a90:'/Users/chrisbigart/Library/Developer/Xcode/Archives/2018-04-08/CpuBar 4-8-18, 9.28 PM.xcarchive/Products/Applications/CpuBar.app/Contents/Frameworks/libswiftFoundation.dylib'>'>
2018-04-09 01:29:48 +0000  Skipping stripping extended attributes of item: <IDEDistributionItem: 0x7fe126db1600 'com.apple.dt.runtime.swiftIOKit' '<DVTFilePath:0x7fe1236e6260:'/Users/chrisbigart/Library/Developer/Xcode/Archives/2018-04-08/CpuBar 4-8-18, 9.28 PM.xcarchive/Products/Applications/CpuBar.app/Contents/Frameworks/libswiftIOKit.dylib'>'>
2018-04-09 01:29:48 +0000  Skipping stripping extended attributes of item: <IDEDistributionItem: 0x7fe1250a9f50 'com.apple.dt.runtime.swiftMetal' '<DVTFilePath:0x7fe12519f870:'/Users/chrisbigart/Library/Developer/Xcode/Archives/2018-04-08/CpuBar 4-8-18, 9.28 PM.xcarchive/Products/Applications/CpuBar.app/Contents/Frameworks/libswiftMetal.dylib'>'>
2018-04-09 01:29:48 +0000  Skipping stripping extended attributes of item: <IDEDistributionItem: 0x7fe1225f2350 'com.apple.dt.runtime.swiftObjectiveC' '<DVTFilePath:0x7fe12395b0d0:'/Users/chrisbigart/Library/Developer/Xcode/Archives/2018-04-08/CpuBar 4-8-18, 9.28 PM.xcarchive/Products/Applications/CpuBar.app/Contents/Frameworks/libswiftObjectiveC.dylib'>'>
2018-04-09 01:29:48 +0000  Skipping stripping extended attributes of item: <IDEDistributionItem: 0x7fe1215c7ec0 'com.apple.dt.runtime.swiftQuartzCore' '<DVTFilePath:0x7fe1239684f0:'/Users/chrisbigart/Library/Developer/Xcode/Archives/2018-04-08/CpuBar 4-8-18, 9.28 PM.xcarchive/Products/Applications/CpuBar.app/Contents/Frameworks/libswiftQuartzCore.dylib'>'>
2018-04-09 01:29:48 +0000  Skipping stripping extended attributes of item: <IDEDistributionItem: 0x7fe123deac60 'com.apple.dt.runtime.swiftXPC' '<DVTFilePath:0x7fe123964580:'/Users/chrisbigart/Library/Developer/Xcode/Archives/2018-04-08/CpuBar 4-8-18, 9.28 PM.xcarchive/Products/Applications/CpuBar.app/Contents/Frameworks/libswiftXPC.dylib'>'>
2018-04-09 01:29:48 +0000  Skipping stripping extended attributes of item: <IDEDistributionItem: 0x7fe1213c6cf0 'com.apple.dt.runtime.swiftos' '<DVTFilePath:0x7fe1251821a0:'/Users/chrisbigart/Library/Developer/Xcode/Archives/2018-04-08/CpuBar 4-8-18, 9.28 PM.xcarchive/Products/Applications/CpuBar.app/Contents/Frameworks/libswiftos.dylib'>'>
2018-04-09 01:29:48 +0000  Running /usr/bin/xattr '-crs' '/var/folders/8r/26jwyhz93fdd3zrb1pncsf000000gn/T/XcodeDistPipeline.4WF/Root/Applications/CpuBar.app'
2018-04-09 01:29:48 +0000  
2018-04-09 01:29:48 +0000  2018-04-09 01:29:48 +0000  /usr/bin/xattr exited with 0

2018-04-09 01:29:48 +0000  
2018-04-09 01:29:48 +0000  Processing step: IDEDistributionCodesignStep
2018-04-09 01:29:48 +0000  Entitlements for <IDEDistributionItem: 0x7fe12135d880 'com.apple.dt.runtime.swiftAppKit' '<DVTFilePath:0x7fe11d7b37e0:'/Users/chrisbigart/Library/Developer/Xcode/Archives/2018-04-08/CpuBar 4-8-18, 9.28 PM.xcarchive/Products/Applications/CpuBar.app/Contents/Frameworks/libswiftAppKit.dylib'>'>: {
}
2018-04-09 01:29:48 +0000  Writing entitlements for <IDEDistributionItem: 0x7fe12135d880 'com.apple.dt.runtime.swiftAppKit' '<DVTFilePath:0x7fe11d7b37e0:'/Users/chrisbigart/Library/Developer/Xcode/Archives/2018-04-08/CpuBar 4-8-18, 9.28 PM.xcarchive/Products/Applications/CpuBar.app/Contents/Frameworks/libswiftAppKit.dylib'>'> to: /var/folders/8r/26jwyhz93fdd3zrb1pncsf000000gn/T/XcodeDistPipeline.4WF/entitlementsFm0IRl
2018-04-09 01:29:48 +0000  Running /usr/bin/codesign '-vvv' '--force' '--sign' 'F645421641EE90D18AFEC007A43D7F6ABD8F50A5' '--preserve-metadata=identifier,flags' '--entitlements' '/var/folders/8r/26jwyhz93fdd3zrb1pncsf000000gn/T/XcodeDistPipeline.4WF/entitlementsFm0IRl' '/var/folders/8r/26jwyhz93fdd3zrb1pncsf000000gn/T/XcodeDistPipeline.4WF/Root/Applications/CpuBar.app/Contents/Frameworks/libswiftAppKit.dylib'
2018-04-09 01:29:48 +0000  /var/folders/8r/26jwyhz93fdd3zrb1pncsf000000gn/T/XcodeDistPipeline.4WF/Root/Applications/CpuBar.app/Contents/Frameworks/libswiftAppKit.dylib: replacing existing signature
2018-04-09 01:29:48 +0000  /var/folders/8r/26jwyhz93fdd3zrb1pncsf000000gn/T/XcodeDistPipeline.4WF/Root/Applications/CpuBar.app/Contents/Frameworks/libswiftAppKit.dylib: signed Mach-O thin (x86_64) [com.apple.dt.runtime.swiftAppKit]
2018-04-09 01:29:48 +0000  
2018-04-09 01:29:48 +0000  
2018-04-09 01:29:48 +0000  /usr/bin/codesign exited with 02018-04-09 01:29:48 +0000  

2018-04-09 01:29:48 +0000  
2018-04-09 01:29:48 +0000  Entitlements for <IDEDistributionItem: 0x7fe123b3eac0 'com.apple.dt.runtime.swiftCore' '<DVTFilePath:0x7fe12519f520:'/Users/chrisbigart/Library/Developer/Xcode/Archives/2018-04-08/CpuBar 4-8-18, 9.28 PM.xcarchive/Products/Applications/CpuBar.app/Contents/Frameworks/libswiftCore.dylib'>'>: {
}
2018-04-09 01:29:48 +0000  Writing entitlements for <IDEDistributionItem: 0x7fe123b3eac0 'com.apple.dt.runtime.swiftCore' '<DVTFilePath:0x7fe12519f520:'/Users/chrisbigart/Library/Developer/Xcode/Archives/2018-04-08/CpuBar 4-8-18, 9.28 PM.xcarchive/Products/Applications/CpuBar.app/Contents/Frameworks/libswiftCore.dylib'>'> to: /var/folders/8r/26jwyhz93fdd3zrb1pncsf000000gn/T/XcodeDistPipeline.4WF/entitlementseRthRm
2018-04-09 01:29:48 +0000  Running /usr/bin/codesign '-vvv' '--force' '--sign' 'F645421641EE90D18AFEC007A43D7F6ABD8F50A5' '--preserve-metadata=identifier,flags' '--entitlements' '/var/folders/8r/26jwyhz93fdd3zrb1pncsf000000gn/T/XcodeDistPipeline.4WF/entitlementseRthRm' '/var/folders/8r/26jwyhz93fdd3zrb1pncsf000000gn/T/XcodeDistPipeline.4WF/Root/Applications/CpuBar.app/Contents/Frameworks/libswiftCore.dylib'
2018-04-09 01:29:48 +0000  /var/folders/8r/26jwyhz93fdd3zrb1pncsf000000gn/T/XcodeDistPipeline.4WF/Root/Applications/CpuBar.app/Contents/Frameworks/libswiftCore.dylib: replacing existing signature
2018-04-09 01:29:49 +0000  /var/folders/8r/26jwyhz93fdd3zrb1pncsf000000gn/T/XcodeDistPipeline.4WF/Root/Applications/CpuBar.app/Contents/Frameworks/libswiftCore.dylib: signed Mach-O thin (x86_64) [com.apple.dt.runtime.swiftCore]
2018-04-09 01:29:49 +0000  
2018-04-09 01:29:49 +0000  2018-04-09 01:29:49 +0000  /usr/bin/codesign exited with 0
2018-04-09 01:29:49 +0000  

2018-04-09 01:29:49 +0000  Entitlements for <IDEDistributionItem: 0x7fe12509afd0 'com.apple.dt.runtime.swiftCoreData' '<DVTFilePath:0x7fe1239ef780:'/Users/chrisbigart/Library/Developer/Xcode/Archives/2018-04-08/CpuBar 4-8-18, 9.28 PM.xcarchive/Products/Applications/CpuBar.app/Contents/Frameworks/libswiftCoreData.dylib'>'>: {
}
2018-04-09 01:29:49 +0000  Writing entitlements for <IDEDistributionItem: 0x7fe12509afd0 'com.apple.dt.runtime.swiftCoreData' '<DVTFilePath:0x7fe1239ef780:'/Users/chrisbigart/Library/Developer/Xcode/Archives/2018-04-08/CpuBar 4-8-18, 9.28 PM.xcarchive/Products/Applications/CpuBar.app/Contents/Frameworks/libswiftCoreData.dylib'>'> to: /var/folders/8r/26jwyhz93fdd3zrb1pncsf000000gn/T/XcodeDistPipeline.4WF/entitlementsZO6FGT
2018-04-09 01:29:49 +0000  Running /usr/bin/codesign '-vvv' '--force' '--sign' 'F645421641EE90D18AFEC007A43D7F6ABD8F50A5' '--preserve-metadata=identifier,flags' '--entitlements' '/var/folders/8r/26jwyhz93fdd3zrb1pncsf000000gn/T/XcodeDistPipeline.4WF/entitlementsZO6FGT' '/var/folders/8r/26jwyhz93fdd3zrb1pncsf000000gn/T/XcodeDistPipeline.4WF/Root/Applications/CpuBar.app/Contents/Frameworks/libswiftCoreData.dylib'
2018-04-09 01:29:49 +0000  /var/folders/8r/26jwyhz93fdd3zrb1pncsf000000gn/T/XcodeDistPipeline.4WF/Root/Applications/CpuBar.app/Contents/Frameworks/libswiftCoreData.dylib: replacing existing signature
2018-04-09 01:29:49 +0000  /var/folders/8r/26jwyhz93fdd3zrb1pncsf000000gn/T/XcodeDistPipeline.4WF/Root/Applications/CpuBar.app/Contents/Frameworks/libswiftCoreData.dylib: signed Mach-O thin (x86_64) [com.apple.dt.runtime.swiftCoreData]
2018-04-09 01:29:49 +0000  
2018-04-09 01:29:49 +0000  
2018-04-09 01:29:49 +0000  /usr/bin/codesign exited with 0
2018-04-09 01:29:49 +0000  2018-04-09 01:29:49 +0000  

2018-04-09 01:29:49 +0000  Entitlements for <IDEDistributionItem: 0x7fe1213aa960 'com.apple.dt.runtime.swiftCoreFoundation' '<DVTFilePath:0x7fe12520f250:'/Users/chrisbigart/Library/Developer/Xcode/Archives/2018-04-08/CpuBar 4-8-18, 9.28 PM.xcarchive/Products/Applications/CpuBar.app/Contents/Frameworks/libswiftCoreFoundation.dylib'>'>: {
}
2018-04-09 01:29:49 +0000  Writing entitlements for <IDEDistributionItem: 0x7fe1213aa960 'com.apple.dt.runtime.swiftCoreFoundation' '<DVTFilePath:0x7fe12520f250:'/Users/chrisbigart/Library/Developer/Xcode/Archives/2018-04-08/CpuBar 4-8-18, 9.28 PM.xcarchive/Products/Applications/CpuBar.app/Contents/Frameworks/libswiftCoreFoundation.dylib'>'> to: /var/folders/8r/26jwyhz93fdd3zrb1pncsf000000gn/T/XcodeDistPipeline.4WF/entitlementsB48YhB
2018-04-09 01:29:49 +0000  Running /usr/bin/codesign '-vvv' '--force' '--sign' 'F645421641EE90D18AFEC007A43D7F6ABD8F50A5' '--preserve-metadata=identifier,flags' '--entitlements' '/var/folders/8r/26jwyhz93fdd3zrb1pncsf000000gn/T/XcodeDistPipeline.4WF/entitlementsB48YhB' '/var/folders/8r/26jwyhz93fdd3zrb1pncsf000000gn/T/XcodeDistPipeline.4WF/Root/Applications/CpuBar.app/Contents/Frameworks/libswiftCoreFoundation.dylib'
2018-04-09 01:29:49 +0000  /var/folders/8r/26jwyhz93fdd3zrb1pncsf000000gn/T/XcodeDistPipeline.4WF/Root/Applications/CpuBar.app/Contents/Frameworks/libswiftCoreFoundation.dylib: replacing existing signature
2018-04-09 01:29:49 +0000  /var/folders/8r/26jwyhz93fdd3zrb1pncsf000000gn/T/XcodeDistPipeline.4WF/Root/Applications/CpuBar.app/Contents/Frameworks/libswiftCoreFoundation.dylib: signed Mach-O thin (x86_64) [com.apple.dt.runtime.swiftCoreFoundation]
2018-04-09 01:29:49 +0000  
2018-04-09 01:29:49 +0000  
2018-04-09 01:29:49 +0000  
2018-04-09 01:29:49 +0000  2018-04-09 01:29:49 +0000  /usr/bin/codesign exited with 0

2018-04-09 01:29:49 +0000  2018-04-09 01:29:49 +0000  

2018-04-09 01:29:49 +0000  Entitlements for <IDEDistributionItem: 0x7fe121399790 'com.apple.dt.runtime.swiftCoreGraphics' '<DVTFilePath:0x7fe1239f5b90:'/Users/chrisbigart/Library/Developer/Xcode/Archives/2018-04-08/CpuBar 4-8-18, 9.28 PM.xcarchive/Products/Applications/CpuBar.app/Contents/Frameworks/libswiftCoreGraphics.dylib'>'>: {
}
2018-04-09 01:29:49 +0000  Writing entitlements for <IDEDistributionItem: 0x7fe121399790 'com.apple.dt.runtime.swiftCoreGraphics' '<DVTFilePath:0x7fe1239f5b90:'/Users/chrisbigart/Library/Developer/Xcode/Archives/2018-04-08/CpuBar 4-8-18, 9.28 PM.xcarchive/Products/Applications/CpuBar.app/Contents/Frameworks/libswiftCoreGraphics.dylib'>'> to: /var/folders/8r/26jwyhz93fdd3zrb1pncsf000000gn/T/XcodeDistPipeline.4WF/entitlementshVzS9Z
2018-04-09 01:29:49 +0000  Running /usr/bin/codesign '-vvv' '--force' '--sign' 'F645421641EE90D18AFEC007A43D7F6ABD8F50A5' '--preserve-metadata=identifier,flags' '--entitlements' '/var/folders/8r/26jwyhz93fdd3zrb1pncsf000000gn/T/XcodeDistPipeline.4WF/entitlementshVzS9Z' '/var/folders/8r/26jwyhz93fdd3zrb1pncsf000000gn/T/XcodeDistPipeline.4WF/Root/Applications/CpuBar.app/Contents/Frameworks/libswiftCoreGraphics.dylib'
2018-04-09 01:29:49 +0000  /var/folders/8r/26jwyhz93fdd3zrb1pncsf000000gn/T/XcodeDistPipeline.4WF/Root/Applications/CpuBar.app/Contents/Frameworks/libswiftCoreGraphics.dylib: replacing existing signature
2018-04-09 01:29:49 +0000  /var/folders/8r/26jwyhz93fdd3zrb1pncsf000000gn/T/XcodeDistPipeline.4WF/Root/Applications/CpuBar.app/Contents/Frameworks/libswiftCoreGraphics.dylib: signed Mach-O thin (x86_64) [com.apple.dt.runtime.swiftCoreGraphics]
2018-04-09 01:29:49 +0000  
2018-04-09 01:29:49 +0000  
2018-04-09 01:29:49 +0000  2018-04-09 01:29:49 +0000  /usr/bin/codesign exited with 0

2018-04-09 01:29:49 +0000  2018-04-09 01:29:49 +0000  

2018-04-09 01:29:49 +0000  Entitlements for <IDEDistributionItem: 0x7fe123cf1150 'com.apple.dt.runtime.swiftCoreImage' '<DVTFilePath:0x7fe1213a5bb0:'/Users/chrisbigart/Library/Developer/Xcode/Archives/2018-04-08/CpuBar 4-8-18, 9.28 PM.xcarchive/Products/Applications/CpuBar.app/Contents/Frameworks/libswiftCoreImage.dylib'>'>: {
}
2018-04-09 01:29:49 +0000  Writing entitlements for <IDEDistributionItem: 0x7fe123cf1150 'com.apple.dt.runtime.swiftCoreImage' '<DVTFilePath:0x7fe1213a5bb0:'/Users/chrisbigart/Library/Developer/Xcode/Archives/2018-04-08/CpuBar 4-8-18, 9.28 PM.xcarchive/Products/Applications/CpuBar.app/Contents/Frameworks/libswiftCoreImage.dylib'>'> to: /var/folders/8r/26jwyhz93fdd3zrb1pncsf000000gn/T/XcodeDistPipeline.4WF/entitlementsFIKsB0
2018-04-09 01:29:49 +0000  Running /usr/bin/codesign '-vvv' '--force' '--sign' 'F645421641EE90D18AFEC007A43D7F6ABD8F50A5' '--preserve-metadata=identifier,flags' '--entitlements' '/var/folders/8r/26jwyhz93fdd3zrb1pncsf000000gn/T/XcodeDistPipeline.4WF/entitlementsFIKsB0' '/var/folders/8r/26jwyhz93fdd3zrb1pncsf000000gn/T/XcodeDistPipeline.4WF/Root/Applications/CpuBar.app/Contents/Frameworks/libswiftCoreImage.dylib'
2018-04-09 01:29:49 +0000  /var/folders/8r/26jwyhz93fdd3zrb1pncsf000000gn/T/XcodeDistPipeline.4WF/Root/Applications/CpuBar.app/Contents/Frameworks/libswiftCoreImage.dylib: replacing existing signature
2018-04-09 01:29:49 +0000  /var/folders/8r/26jwyhz93fdd3zrb1pncsf000000gn/T/XcodeDistPipeline.4WF/Root/Applications/CpuBar.app/Contents/Frameworks/libswiftCoreImage.dylib: signed Mach-O thin (x86_64) [com.apple.dt.runtime.swiftCoreImage]
2018-04-09 01:29:49 +0000  
2018-04-09 01:29:49 +0000  /usr/bin/codesign exited with 02018-04-09 01:29:49 +0000  

2018-04-09 01:29:49 +0000  
2018-04-09 01:29:49 +0000  Entitlements for <IDEDistributionItem: 0x7fe1222aacd0 'com.apple.dt.runtime.swiftDarwin' '<DVTFilePath:0x7fe12519f6d0:'/Users/chrisbigart/Library/Developer/Xcode/Archives/2018-04-08/CpuBar 4-8-18, 9.28 PM.xcarchive/Products/Applications/CpuBar.app/Contents/Frameworks/libswiftDarwin.dylib'>'>: {
}
2018-04-09 01:29:49 +0000  Writing entitlements for <IDEDistributionItem: 0x7fe1222aacd0 'com.apple.dt.runtime.swiftDarwin' '<DVTFilePath:0x7fe12519f6d0:'/Users/chrisbigart/Library/Developer/Xcode/Archives/2018-04-08/CpuBar 4-8-18, 9.28 PM.xcarchive/Products/Applications/CpuBar.app/Contents/Frameworks/libswiftDarwin.dylib'>'> to: /var/folders/8r/26jwyhz93fdd3zrb1pncsf000000gn/T/XcodeDistPipeline.4WF/entitlementsJuYsWt
2018-04-09 01:29:49 +0000  Running /usr/bin/codesign '-vvv' '--force' '--sign' 'F645421641EE90D18AFEC007A43D7F6ABD8F50A5' '--preserve-metadata=identifier,flags' '--entitlements' '/var/folders/8r/26jwyhz93fdd3zrb1pncsf000000gn/T/XcodeDistPipeline.4WF/entitlementsJuYsWt' '/var/folders/8r/26jwyhz93fdd3zrb1pncsf000000gn/T/XcodeDistPipeline.4WF/Root/Applications/CpuBar.app/Contents/Frameworks/libswiftDarwin.dylib'
2018-04-09 01:29:49 +0000  /var/folders/8r/26jwyhz93fdd3zrb1pncsf000000gn/T/XcodeDistPipeline.4WF/Root/Applications/CpuBar.app/Contents/Frameworks/libswiftDarwin.dylib: replacing existing signature
2018-04-09 01:29:49 +0000  /var/folders/8r/26jwyhz93fdd3zrb1pncsf000000gn/T/XcodeDistPipeline.4WF/Root/Applications/CpuBar.app/Contents/Frameworks/libswiftDarwin.dylib: signed Mach-O thin (x86_64) [com.apple.dt.runtime.swiftDarwin]
2018-04-09 01:29:49 +0000  
2018-04-09 01:29:49 +0000  2018-04-09 01:29:49 +0000  /usr/bin/codesign exited with 0

2018-04-09 01:29:49 +0000  
2018-04-09 01:29:49 +0000  Entitlements for <IDEDistributionItem: 0x7fe123d9e2e0 'com.apple.dt.runtime.swiftDispatch' '<DVTFilePath:0x7fe125173060:'/Users/chrisbigart/Library/Developer/Xcode/Archives/2018-04-08/CpuBar 4-8-18, 9.28 PM.xcarchive/Products/Applications/CpuBar.app/Contents/Frameworks/libswiftDispatch.dylib'>'>: {
}
2018-04-09 01:29:49 +0000  Writing entitlements for <IDEDistributionItem: 0x7fe123d9e2e0 'com.apple.dt.runtime.swiftDispatch' '<DVTFilePath:0x7fe125173060:'/Users/chrisbigart/Library/Developer/Xcode/Archives/2018-04-08/CpuBar 4-8-18, 9.28 PM.xcarchive/Products/Applications/CpuBar.app/Contents/Frameworks/libswiftDispatch.dylib'>'> to: /var/folders/8r/26jwyhz93fdd3zrb1pncsf000000gn/T/XcodeDistPipeline.4WF/entitlementsYR2R1I
2018-04-09 01:29:49 +0000  Running /usr/bin/codesign '-vvv' '--force' '--sign' 'F645421641EE90D18AFEC007A43D7F6ABD8F50A5' '--preserve-metadata=identifier,flags' '--entitlements' '/var/folders/8r/26jwyhz93fdd3zrb1pncsf000000gn/T/XcodeDistPipeline.4WF/entitlementsYR2R1I' '/var/folders/8r/26jwyhz93fdd3zrb1pncsf000000gn/T/XcodeDistPipeline.4WF/Root/Applications/CpuBar.app/Contents/Frameworks/libswiftDispatch.dylib'
2018-04-09 01:29:49 +0000  /var/folders/8r/26jwyhz93fdd3zrb1pncsf000000gn/T/XcodeDistPipeline.4WF/Root/Applications/CpuBar.app/Contents/Frameworks/libswiftDispatch.dylib: replacing existing signature
2018-04-09 01:29:49 +0000  /var/folders/8r/26jwyhz93fdd3zrb1pncsf000000gn/T/XcodeDistPipeline.4WF/Root/Applications/CpuBar.app/Contents/Frameworks/libswiftDispatch.dylib: signed Mach-O thin (x86_64) [com.apple.dt.runtime.swiftDispatch]
2018-04-09 01:29:49 +0000  2018-04-09 01:29:49 +0000  

2018-04-09 01:29:49 +0000  /usr/bin/codesign exited with 02018-04-09 01:29:49 +0000  

2018-04-09 01:29:49 +0000  
2018-04-09 01:29:49 +0000  
2018-04-09 01:29:49 +0000  Entitlements for <IDEDistributionItem: 0x7fe1254803f0 'com.apple.dt.runtime.swiftFoundation' '<DVTFilePath:0x7fe123628a90:'/Users/chrisbigart/Library/Developer/Xcode/Archives/2018-04-08/CpuBar 4-8-18, 9.28 PM.xcarchive/Products/Applications/CpuBar.app/Contents/Frameworks/libswiftFoundation.dylib'>'>: {
}
2018-04-09 01:29:49 +0000  Writing entitlements for <IDEDistributionItem: 0x7fe1254803f0 'com.apple.dt.runtime.swiftFoundation' '<DVTFilePath:0x7fe123628a90:'/Users/chrisbigart/Library/Developer/Xcode/Archives/2018-04-08/CpuBar 4-8-18, 9.28 PM.xcarchive/Products/Applications/CpuBar.app/Contents/Frameworks/libswiftFoundation.dylib'>'> to: /var/folders/8r/26jwyhz93fdd3zrb1pncsf000000gn/T/XcodeDistPipeline.4WF/entitlementstIUPlT
2018-04-09 01:29:49 +0000  Running /usr/bin/codesign '-vvv' '--force' '--sign' 'F645421641EE90D18AFEC007A43D7F6ABD8F50A5' '--preserve-metadata=identifier,flags' '--entitlements' '/var/folders/8r/26jwyhz93fdd3zrb1pncsf000000gn/T/XcodeDistPipeline.4WF/entitlementstIUPlT' '/var/folders/8r/26jwyhz93fdd3zrb1pncsf000000gn/T/XcodeDistPipeline.4WF/Root/Applications/CpuBar.app/Contents/Frameworks/libswiftFoundation.dylib'
2018-04-09 01:29:49 +0000  /var/folders/8r/26jwyhz93fdd3zrb1pncsf000000gn/T/XcodeDistPipeline.4WF/Root/Applications/CpuBar.app/Contents/Frameworks/libswiftFoundation.dylib: replacing existing signature
2018-04-09 01:29:49 +0000  /var/folders/8r/26jwyhz93fdd3zrb1pncsf000000gn/T/XcodeDistPipeline.4WF/Root/Applications/CpuBar.app/Contents/Frameworks/libswiftFoundation.dylib: signed Mach-O thin (x86_64) [com.apple.dt.runtime.swiftFoundation]
2018-04-09 01:29:49 +0000  
2018-04-09 01:29:49 +0000  
2018-04-09 01:29:49 +0000  /usr/bin/codesign exited with 02018-04-09 01:29:49 +0000  

2018-04-09 01:29:49 +0000  
2018-04-09 01:29:49 +0000  Entitlements for <IDEDistributionItem: 0x7fe126db1600 'com.apple.dt.runtime.swiftIOKit' '<DVTFilePath:0x7fe1236e6260:'/Users/chrisbigart/Library/Developer/Xcode/Archives/2018-04-08/CpuBar 4-8-18, 9.28 PM.xcarchive/Products/Applications/CpuBar.app/Contents/Frameworks/libswiftIOKit.dylib'>'>: {
}
2018-04-09 01:29:49 +0000  Writing entitlements for <IDEDistributionItem: 0x7fe126db1600 'com.apple.dt.runtime.swiftIOKit' '<DVTFilePath:0x7fe1236e6260:'/Users/chrisbigart/Library/Developer/Xcode/Archives/2018-04-08/CpuBar 4-8-18, 9.28 PM.xcarchive/Products/Applications/CpuBar.app/Contents/Frameworks/libswiftIOKit.dylib'>'> to: /var/folders/8r/26jwyhz93fdd3zrb1pncsf000000gn/T/XcodeDistPipeline.4WF/entitlements0T0ySk
2018-04-09 01:29:49 +0000  Running /usr/bin/codesign '-vvv' '--force' '--sign' 'F645421641EE90D18AFEC007A43D7F6ABD8F50A5' '--preserve-metadata=identifier,flags' '--entitlements' '/var/folders/8r/26jwyhz93fdd3zrb1pncsf000000gn/T/XcodeDistPipeline.4WF/entitlements0T0ySk' '/var/folders/8r/26jwyhz93fdd3zrb1pncsf000000gn/T/XcodeDistPipeline.4WF/Root/Applications/CpuBar.app/Contents/Frameworks/libswiftIOKit.dylib'
2018-04-09 01:29:49 +0000  /var/folders/8r/26jwyhz93fdd3zrb1pncsf000000gn/T/XcodeDistPipeline.4WF/Root/Applications/CpuBar.app/Contents/Frameworks/libswiftIOKit.dylib: replacing existing signature
2018-04-09 01:29:49 +0000  /var/folders/8r/26jwyhz93fdd3zrb1pncsf000000gn/T/XcodeDistPipeline.4WF/Root/Applications/CpuBar.app/Contents/Frameworks/libswiftIOKit.dylib: signed Mach-O thin (x86_64) [com.apple.dt.runtime.swiftIOKit]
2018-04-09 01:29:49 +0000  
2018-04-09 01:29:49 +0000  
2018-04-09 01:29:49 +0000  2018-04-09 01:29:49 +0000  /usr/bin/codesign exited with 0

2018-04-09 01:29:49 +0000  
2018-04-09 01:29:49 +0000  Entitlements for <IDEDistributionItem: 0x7fe1250a9f50 'com.apple.dt.runtime.swiftMetal' '<DVTFilePath:0x7fe12519f870:'/Users/chrisbigart/Library/Developer/Xcode/Archives/2018-04-08/CpuBar 4-8-18, 9.28 PM.xcarchive/Products/Applications/CpuBar.app/Contents/Frameworks/libswiftMetal.dylib'>'>: {
}
2018-04-09 01:29:49 +0000  Writing entitlements for <IDEDistributionItem: 0x7fe1250a9f50 'com.apple.dt.runtime.swiftMetal' '<DVTFilePath:0x7fe12519f870:'/Users/chrisbigart/Library/Developer/Xcode/Archives/2018-04-08/CpuBar 4-8-18, 9.28 PM.xcarchive/Products/Applications/CpuBar.app/Contents/Frameworks/libswiftMetal.dylib'>'> to: /var/folders/8r/26jwyhz93fdd3zrb1pncsf000000gn/T/XcodeDistPipeline.4WF/entitlements8Bd0v3
2018-04-09 01:29:49 +0000  Running /usr/bin/codesign '-vvv' '--force' '--sign' 'F645421641EE90D18AFEC007A43D7F6ABD8F50A5' '--preserve-metadata=identifier,flags' '--entitlements' '/var/folders/8r/26jwyhz93fdd3zrb1pncsf000000gn/T/XcodeDistPipeline.4WF/entitlements8Bd0v3' '/var/folders/8r/26jwyhz93fdd3zrb1pncsf000000gn/T/XcodeDistPipeline.4WF/Root/Applications/CpuBar.app/Contents/Frameworks/libswiftMetal.dylib'
2018-04-09 01:29:50 +0000  /var/folders/8r/26jwyhz93fdd3zrb1pncsf000000gn/T/XcodeDistPipeline.4WF/Root/Applications/CpuBar.app/Contents/Frameworks/libswiftMetal.dylib: replacing existing signature
2018-04-09 01:29:50 +0000  /var/folders/8r/26jwyhz93fdd3zrb1pncsf000000gn/T/XcodeDistPipeline.4WF/Root/Applications/CpuBar.app/Contents/Frameworks/libswiftMetal.dylib: signed Mach-O thin (x86_64) [com.apple.dt.runtime.swiftMetal]
2018-04-09 01:29:50 +0000  
2018-04-09 01:29:50 +0000  
2018-04-09 01:29:50 +0000  /usr/bin/codesign exited with 02018-04-09 01:29:50 +0000  

2018-04-09 01:29:50 +0000  
2018-04-09 01:29:50 +0000  Entitlements for <IDEDistributionItem: 0x7fe1225f2350 'com.apple.dt.runtime.swiftObjectiveC' '<DVTFilePath:0x7fe12395b0d0:'/Users/chrisbigart/Library/Developer/Xcode/Archives/2018-04-08/CpuBar 4-8-18, 9.28 PM.xcarchive/Products/Applications/CpuBar.app/Contents/Frameworks/libswiftObjectiveC.dylib'>'>: {
}
2018-04-09 01:29:50 +0000  Writing entitlements for <IDEDistributionItem: 0x7fe1225f2350 'com.apple.dt.runtime.swiftObjectiveC' '<DVTFilePath:0x7fe12395b0d0:'/Users/chrisbigart/Library/Developer/Xcode/Archives/2018-04-08/CpuBar 4-8-18, 9.28 PM.xcarchive/Products/Applications/CpuBar.app/Contents/Frameworks/libswiftObjectiveC.dylib'>'> to: /var/folders/8r/26jwyhz93fdd3zrb1pncsf000000gn/T/XcodeDistPipeline.4WF/entitlements92YFGX
2018-04-09 01:29:50 +0000  Running /usr/bin/codesign '-vvv' '--force' '--sign' 'F645421641EE90D18AFEC007A43D7F6ABD8F50A5' '--preserve-metadata=identifier,flags' '--entitlements' '/var/folders/8r/26jwyhz93fdd3zrb1pncsf000000gn/T/XcodeDistPipeline.4WF/entitlements92YFGX' '/var/folders/8r/26jwyhz93fdd3zrb1pncsf000000gn/T/XcodeDistPipeline.4WF/Root/Applications/CpuBar.app/Contents/Frameworks/libswiftObjectiveC.dylib'
2018-04-09 01:29:50 +0000  /var/folders/8r/26jwyhz93fdd3zrb1pncsf000000gn/T/XcodeDistPipeline.4WF/Root/Applications/CpuBar.app/Contents/Frameworks/libswiftObjectiveC.dylib: replacing existing signature
2018-04-09 01:29:50 +0000  /var/folders/8r/26jwyhz93fdd3zrb1pncsf000000gn/T/XcodeDistPipeline.4WF/Root/Applications/CpuBar.app/Contents/Frameworks/libswiftObjectiveC.dylib: signed Mach-O thin (x86_64) [com.apple.dt.runtime.swiftObjectiveC]
2018-04-09 01:29:50 +0000  
2018-04-09 01:29:50 +0000  2018-04-09 01:29:50 +0000  /usr/bin/codesign exited with 0
2018-04-09 01:29:50 +0000  

2018-04-09 01:29:50 +0000  Entitlements for <IDEDistributionItem: 0x7fe1215c7ec0 'com.apple.dt.runtime.swiftQuartzCore' '<DVTFilePath:0x7fe1239684f0:'/Users/chrisbigart/Library/Developer/Xcode/Archives/2018-04-08/CpuBar 4-8-18, 9.28 PM.xcarchive/Products/Applications/CpuBar.app/Contents/Frameworks/libswiftQuartzCore.dylib'>'>: {
}
2018-04-09 01:29:50 +0000  Writing entitlements for <IDEDistributionItem: 0x7fe1215c7ec0 'com.apple.dt.runtime.swiftQuartzCore' '<DVTFilePath:0x7fe1239684f0:'/Users/chrisbigart/Library/Developer/Xcode/Archives/2018-04-08/CpuBar 4-8-18, 9.28 PM.xcarchive/Products/Applications/CpuBar.app/Contents/Frameworks/libswiftQuartzCore.dylib'>'> to: /var/folders/8r/26jwyhz93fdd3zrb1pncsf000000gn/T/XcodeDistPipeline.4WF/entitlementsncHzdT
2018-04-09 01:29:50 +0000  Running /usr/bin/codesign '-vvv' '--force' '--sign' 'F645421641EE90D18AFEC007A43D7F6ABD8F50A5' '--preserve-metadata=identifier,flags' '--entitlements' '/var/folders/8r/26jwyhz93fdd3zrb1pncsf000000gn/T/XcodeDistPipeline.4WF/entitlementsncHzdT' '/var/folders/8r/26jwyhz93fdd3zrb1pncsf000000gn/T/XcodeDistPipeline.4WF/Root/Applications/CpuBar.app/Contents/Frameworks/libswiftQuartzCore.dylib'
2018-04-09 01:29:50 +0000  /var/folders/8r/26jwyhz93fdd3zrb1pncsf000000gn/T/XcodeDistPipeline.4WF/Root/Applications/CpuBar.app/Contents/Frameworks/libswiftQuartzCore.dylib: replacing existing signature
2018-04-09 01:29:50 +0000  /var/folders/8r/26jwyhz93fdd3zrb1pncsf000000gn/T/XcodeDistPipeline.4WF/Root/Applications/CpuBar.app/Contents/Frameworks/libswiftQuartzCore.dylib: signed Mach-O thin (x86_64) [com.apple.dt.runtime.swiftQuartzCore]
2018-04-09 01:29:50 +0000  
2018-04-09 01:29:50 +0000  2018-04-09 01:29:50 +0000  /usr/bin/codesign exited with 0
2018-04-09 01:29:50 +0000  

2018-04-09 01:29:50 +0000  Entitlements for <IDEDistributionItem: 0x7fe123deac60 'com.apple.dt.runtime.swiftXPC' '<DVTFilePath:0x7fe123964580:'/Users/chrisbigart/Library/Developer/Xcode/Archives/2018-04-08/CpuBar 4-8-18, 9.28 PM.xcarchive/Products/Applications/CpuBar.app/Contents/Frameworks/libswiftXPC.dylib'>'>: {
}
2018-04-09 01:29:50 +0000  Writing entitlements for <IDEDistributionItem: 0x7fe123deac60 'com.apple.dt.runtime.swiftXPC' '<DVTFilePath:0x7fe123964580:'/Users/chrisbigart/Library/Developer/Xcode/Archives/2018-04-08/CpuBar 4-8-18, 9.28 PM.xcarchive/Products/Applications/CpuBar.app/Contents/Frameworks/libswiftXPC.dylib'>'> to: /var/folders/8r/26jwyhz93fdd3zrb1pncsf000000gn/T/XcodeDistPipeline.4WF/entitlementscPzlwB
2018-04-09 01:29:50 +0000  Running /usr/bin/codesign '-vvv' '--force' '--sign' 'F645421641EE90D18AFEC007A43D7F6ABD8F50A5' '--preserve-metadata=identifier,flags' '--entitlements' '/var/folders/8r/26jwyhz93fdd3zrb1pncsf000000gn/T/XcodeDistPipeline.4WF/entitlementscPzlwB' '/var/folders/8r/26jwyhz93fdd3zrb1pncsf000000gn/T/XcodeDistPipeline.4WF/Root/Applications/CpuBar.app/Contents/Frameworks/libswiftXPC.dylib'
2018-04-09 01:29:50 +0000  /var/folders/8r/26jwyhz93fdd3zrb1pncsf000000gn/T/XcodeDistPipeline.4WF/Root/Applications/CpuBar.app/Contents/Frameworks/libswiftXPC.dylib: replacing existing signature
2018-04-09 01:29:50 +0000  /var/folders/8r/26jwyhz93fdd3zrb1pncsf000000gn/T/XcodeDistPipeline.4WF/Root/Applications/CpuBar.app/Contents/Frameworks/libswiftXPC.dylib: signed Mach-O thin (x86_64) [com.apple.dt.runtime.swiftXPC]
2018-04-09 01:29:50 +0000  
2018-04-09 01:29:50 +0000  2018-04-09 01:29:50 +0000  /usr/bin/codesign exited with 0

2018-04-09 01:29:50 +0000  2018-04-09 01:29:50 +0000  

2018-04-09 01:29:50 +0000  Entitlements for <IDEDistributionItem: 0x7fe1213c6cf0 'com.apple.dt.runtime.swiftos' '<DVTFilePath:0x7fe1251821a0:'/Users/chrisbigart/Library/Developer/Xcode/Archives/2018-04-08/CpuBar 4-8-18, 9.28 PM.xcarchive/Products/Applications/CpuBar.app/Contents/Frameworks/libswiftos.dylib'>'>: {
}
2018-04-09 01:29:50 +0000  Writing entitlements for <IDEDistributionItem: 0x7fe1213c6cf0 'com.apple.dt.runtime.swiftos' '<DVTFilePath:0x7fe1251821a0:'/Users/chrisbigart/Library/Developer/Xcode/Archives/2018-04-08/CpuBar 4-8-18, 9.28 PM.xcarchive/Products/Applications/CpuBar.app/Contents/Frameworks/libswiftos.dylib'>'> to: /var/folders/8r/26jwyhz93fdd3zrb1pncsf000000gn/T/XcodeDistPipeline.4WF/entitlementskpw3J8
2018-04-09 01:29:50 +0000  Running /usr/bin/codesign '-vvv' '--force' '--sign' 'F645421641EE90D18AFEC007A43D7F6ABD8F50A5' '--preserve-metadata=identifier,flags' '--entitlements' '/var/folders/8r/26jwyhz93fdd3zrb1pncsf000000gn/T/XcodeDistPipeline.4WF/entitlementskpw3J8' '/var/folders/8r/26jwyhz93fdd3zrb1pncsf000000gn/T/XcodeDistPipeline.4WF/Root/Applications/CpuBar.app/Contents/Frameworks/libswiftos.dylib'
2018-04-09 01:29:50 +0000  /var/folders/8r/26jwyhz93fdd3zrb1pncsf000000gn/T/XcodeDistPipeline.4WF/Root/Applications/CpuBar.app/Contents/Frameworks/libswiftos.dylib: replacing existing signature
2018-04-09 01:29:50 +0000  /var/folders/8r/26jwyhz93fdd3zrb1pncsf000000gn/T/XcodeDistPipeline.4WF/Root/Applications/CpuBar.app/Contents/Frameworks/libswiftos.dylib: signed Mach-O thin (x86_64) [com.apple.dt.runtime.swiftos]
2018-04-09 01:29:50 +0000  
2018-04-09 01:29:50 +0000  
2018-04-09 01:29:50 +0000  2018-04-09 01:29:50 +0000  /usr/bin/codesign exited with 0
2018-04-09 01:29:50 +0000  

2018-04-09 01:29:50 +0000  Entitlements for <IDEDistributionItem: 0x7fe12676d5d0 'com.chrisbigart.cpu-bar' '<DVTFilePath:0x7fe12278ad20:'/Users/chrisbigart/Library/Developer/Xcode/Archives/2018-04-08/CpuBar 4-8-18, 9.28 PM.xcarchive/Products/Applications/CpuBar.app'>'>: {
    "com.apple.security.app-sandbox" = 1;
    "com.apple.security.network.client" = 1;
}
2018-04-09 01:29:50 +0000  Writing entitlements for <IDEDistributionItem: 0x7fe12676d5d0 'com.chrisbigart.cpu-bar' '<DVTFilePath:0x7fe12278ad20:'/Users/chrisbigart/Library/Developer/Xcode/Archives/2018-04-08/CpuBar 4-8-18, 9.28 PM.xcarchive/Products/Applications/CpuBar.app'>'> to: /var/folders/8r/26jwyhz93fdd3zrb1pncsf000000gn/T/XcodeDistPipeline.4WF/entitlementsw2DlPb
2018-04-09 01:29:50 +0000  Running /usr/bin/codesign '-vvv' '--force' '--sign' 'F645421641EE90D18AFEC007A43D7F6ABD8F50A5' '--preserve-metadata=identifier,flags' '--entitlements' '/var/folders/8r/26jwyhz93fdd3zrb1pncsf000000gn/T/XcodeDistPipeline.4WF/entitlementsw2DlPb' '/var/folders/8r/26jwyhz93fdd3zrb1pncsf000000gn/T/XcodeDistPipeline.4WF/Root/Applications/CpuBar.app'
2018-04-09 01:29:50 +0000  /var/folders/8r/26jwyhz93fdd3zrb1pncsf000000gn/T/XcodeDistPipeline.4WF/Root/Applications/CpuBar.app: replacing existing signature
2018-04-09 01:29:50 +0000  /var/folders/8r/26jwyhz93fdd3zrb1pncsf000000gn/T/XcodeDistPipeline.4WF/Root/Applications/CpuBar.app: signed app bundle with Mach-O thin (x86_64) [com.chrisbigart.cpu-bar]
2018-04-09 01:29:50 +0000  
2018-04-09 01:29:50 +0000  
2018-04-09 01:29:50 +0000  2018-04-09 01:29:50 +0000  /usr/bin/codesign exited with 0

2018-04-09 01:29:50 +0000  
2018-04-09 01:29:50 +0000  Processing step: IDEDistributionStreamingZipItemStep
2018-04-09 01:29:50 +0000  Skipping step: IDEDistributionStreamingZipItemStep because it said so
2018-04-09 01:29:50 +0000  Skipping step: IDEDistributionStreamingZipItemStep because it said so
2018-04-09 01:29:50 +0000  Skipping step: IDEDistributionStreamingZipItemStep because it said so
2018-04-09 01:29:50 +0000  Skipping step: IDEDistributionStreamingZipItemStep because it said so
2018-04-09 01:29:50 +0000  Skipping step: IDEDistributionStreamingZipItemStep because it said so
2018-04-09 01:29:50 +0000  Skipping step: IDEDistributionStreamingZipItemStep because it said so
2018-04-09 01:29:50 +0000  Skipping step: IDEDistributionStreamingZipItemStep because it said so
2018-04-09 01:29:50 +0000  Skipping step: IDEDistributionStreamingZipItemStep because it said so
2018-04-09 01:29:50 +0000  Skipping step: IDEDistributionStreamingZipItemStep because it said so
2018-04-09 01:29:50 +0000  Skipping step: IDEDistributionStreamingZipItemStep because it said so
2018-04-09 01:29:50 +0000  Skipping step: IDEDistributionStreamingZipItemStep because it said so
2018-04-09 01:29:50 +0000  Skipping step: IDEDistributionStreamingZipItemStep because it said so
2018-04-09 01:29:50 +0000  Skipping step: IDEDistributionStreamingZipItemStep because it said so
2018-04-09 01:29:50 +0000  Skipping step: IDEDistributionStreamingZipItemStep because it said so
2018-04-09 01:29:50 +0000  Skipping step: IDEDistributionStreamingZipItemStep because it said so
2018-04-09 01:29:50 +0000  Skipping step: IDEDistributionStreamingZipItemStep because it said so
2018-04-09 01:29:50 +0000  Processing step: IDEDistributionCreatePKGStep
2018-04-09 01:29:50 +0000  Running /usr/bin/productbuild '--sign' '3rd Party Mac Developer Installer: Chris Bigart (VG88K3PDF4)' '--symbolication' '/var/folders/8r/26jwyhz93fdd3zrb1pncsf000000gn/T/XcodeDistPipeline.4WF/Symbols' '--component' '/var/folders/8r/26jwyhz93fdd3zrb1pncsf000000gn/T/XcodeDistPipeline.4WF/Root/Applications/CpuBar.app' '/Applications' '/var/folders/8r/26jwyhz93fdd3zrb1pncsf000000gn/T/XcodeDistPipeline.4WF/Packages/CpuBar.pkg'
2018-04-09 01:29:51 +0000  productbuild: Adding component at /var/folders/8r/26jwyhz93fdd3zrb1pncsf000000gn/T/XcodeDistPipeline.4WF/Root/Applications/CpuBar.app
productbuild: Signing product with identity "3rd Party Mac Developer Installer: Chris Bigart (VG88K3PDF4)" from keychain /Users/chrisbigart/Library/Keychains/login.keychain-db
productbuild: Adding certificate "Apple Worldwide Developer Relations Certification Authority"
productbuild: Adding certificate "Apple Root CA"
productbuild: Wrote product to /var/folders/8r/26jwyhz93fdd3zrb1pncsf000000gn/T/XcodeDistPipeline.4WF/Packages/CpuBar.pkg
productbuild: Supported OS versions: [10.10, )
2018-04-09 01:29:51 +0000  
2018-04-09 01:29:51 +0000  2018-04-09 01:29:51 +0000  /usr/bin/productbuild exited with 0
2018-04-09 01:29:51 +0000  

2018-04-09 01:29:51 +0000  
2018-04-09 01:29:51 +0000  Processing step: IDEDistributionCreateManifestStep
2018-04-09 01:29:51 +0000  Skipping step: IDEDistributionCreateManifestStep because it said so
